#
# There is insufficient memory for the Java Runtime Environment to continue.
# Native memory allocation (malloc) failed to allocate 668496 bytes for Chunk::new
# Possible reasons:
#   The system is out of physical RAM or swap space
#   The process is running with CompressedOops enabled, and the Java Heap may be blocking the growth of the native heap
# Possible solutions:
#   Reduce memory load on the system
#   Increase physical memory or swap space
#   Check if swap backing store is full
#   Decrease Java heap size (-Xmx/-Xms)
#   Decrease number of Java threads
#   Decrease Java thread stack sizes (-Xss)
#   Set larger code cache with -XX:ReservedCodeCacheSize=
#   JVM is running with Unscaled Compressed Oops mode in which the Java heap is
#     placed in the first 4GB address space. The Java Heap base address is the
#     maximum limit for the native heap growth. Please use -XX:HeapBaseMinAddress
#     to set the Java Heap base and to place the Java Heap above 4GB virtual address.
# This output file may be truncated or incomplete.
#
#  Out of Memory Error (./src/hotspot/share/memory/arena.cpp:197), pid=17948, tid=14964
#
# JRE version: OpenJDK Runtime Environment Corretto-11.0.18.10.1 (11.0.18+10) (build 11.0.18+10-LTS)
# Java VM: OpenJDK 64-Bit Server VM Corretto-11.0.18.10.1 (11.0.18+10-LTS, mixed mode, tiered, compressed oops, g1 gc, windows-amd64)
# No core dump will be written. Minidumps are not enabled by default on client versions of Windows
#

---------------  S U M M A R Y ------------

Command Line: -Dclassworlds.conf=C:\Users\nat\apache-maven-3.9.0-bin\apache-maven-3.9.0\bin\m2.conf -Dmaven.home=C:\Users\nat\apache-maven-3.9.0-bin\apache-maven-3.9.0 -Dlibrary.jansi.path=C:\Users\nat\apache-maven-3.9.0-bin\apache-maven-3.9.0\lib\jansi-native -Dmaven.multiModuleProjectDirectory=C:\Users\nat\dev\java-explore-with-me org.codehaus.plexus.classworlds.launcher.Launcher clean install

Host: Intel(R) Core(TM) i3-7020U CPU @ 2.30GHz, 4 cores, 3G,  Windows 10 , 64 bit Build 19041 (10.0.19041.2546)
Time: Mon Apr 17 11:38:33 2023 RTZ 2 (s 10 , 64 bit Build 19041 (10.0.19041.2546) elapsed time: 15.804647 seconds (0d 0h 0m 15s)

---------------  T H R E A D  ---------------

Current thread (0x00000288e4cea800):  JavaThread "C2 CompilerThread0" daemon [_thread_in_native, id=14964, stack(0x000000d622700000,0x000000d622800000)]


Current CompileTask:
C2:  15804 5766       4       java.util.stream.SortedOps$SizedRefSortingSink::end (129 bytes)

Stack: [0x000000d622700000,0x000000d622800000]
Native frames: (J=compiled Java code, j=interpreted, Vv=VM code, C=native code)
V  [jvm.dll+0x622d9a]
V  [jvm.dll+0x7b0289]
V  [jvm.dll+0x7b1978]
V  [jvm.dll+0x7b2053]
V  [jvm.dll+0x24fe08]
V  [jvm.dll+0xc264c]
V  [jvm.dll+0xc2c0c]
V  [jvm.dll+0x35c7e7]
V  [jvm.dll+0x19ed01]
V  [jvm.dll+0x2093a5]
V  [jvm.dll+0x20841d]
V  [jvm.dll+0x18a3c1]
V  [jvm.dll+0x217ac4]
V  [jvm.dll+0x215d0b]
V  [jvm.dll+0x772d90]
V  [jvm.dll+0x76bcc4]
V  [jvm.dll+0x621c05]
C  [ucrtbase.dll+0x21bb2]
C  [KERNEL32.DLL+0x17614]
C  [ntdll.dll+0x526a1]


---------------  P R O C E S S  ---------------

Threads class SMR info:
_java_thread_list=0x00000288e64baea0, length=14, elements={
0x00000288c7bdb800, 0x00000288e4c81000, 0x00000288e4c82000, 0x00000288e4ce3000,
0x00000288e4ce4000, 0x00000288e4ce9000, 0x00000288e4cea800, 0x00000288e4cf3000,
0x00000288e4e38800, 0x00000288e4f9c800, 0x00000288e9222800, 0x00000288e7985800,
0x00000288e7aed800, 0x00000288e64a7800
}

Java Threads: ( => current thread )
  0x00000288c7bdb800 JavaThread "main" [_thread_in_vm, id=9888, stack(0x000000d621b00000,0x000000d621c00000)]
  0x00000288e4c81000 JavaThread "Reference Handler" daemon [_thread_blocked, id=16156, stack(0x000000d622200000,0x000000d622300000)]
  0x00000288e4c82000 JavaThread "Finalizer" daemon [_thread_blocked, id=11436, stack(0x000000d622300000,0x000000d622400000)]
  0x00000288e4ce3000 JavaThread "Signal Dispatcher" daemon [_thread_blocked, id=13736, stack(0x000000d622400000,0x000000d622500000)]
  0x00000288e4ce4000 JavaThread "Attach Listener" daemon [_thread_blocked, id=10348, stack(0x000000d622500000,0x000000d622600000)]
  0x00000288e4ce9000 JavaThread "Service Thread" daemon [_thread_blocked, id=7040, stack(0x000000d622600000,0x000000d622700000)]
=>0x00000288e4cea800 JavaThread "C2 CompilerThread0" daemon [_thread_in_native, id=14964, stack(0x000000d622700000,0x000000d622800000)]
  0x00000288e4cf3000 JavaThread "C1 CompilerThread0" daemon [_thread_blocked, id=5560, stack(0x000000d622800000,0x000000d622900000)]
  0x00000288e4e38800 JavaThread "Sweeper thread" daemon [_thread_blocked, id=1372, stack(0x000000d622900000,0x000000d622a00000)]
  0x00000288e4f9c800 JavaThread "Common-Cleaner" daemon [_thread_blocked, id=16260, stack(0x000000d622b00000,0x000000d622c00000)]
  0x00000288e9222800 JavaThread "pool-1-thread-1" [_thread_in_vm, id=12860, stack(0x000000d622d00000,0x000000d622e00000)]
  0x00000288e7985800 JavaThread "pool-1-thread-2" [_thread_new, id=2968, stack(0x0000000000000000,0x0000000000000000)]
  0x00000288e7aed800 JavaThread "pool-1-thread-3" [_thread_new, id=12080, stack(0x0000000000000000,0x0000000000000000)]
  0x00000288e64a7800 JavaThread "pool-1-thread-4" [_thread_new, id=11472, stack(0x0000000000000000,0x0000000000000000)]

Other Threads:
  0x00000288e4c5d000 VMThread "VM Thread" [stack: 0x000000d622100000,0x000000d622200000] [id=2264]
  0x00000288e4f94000 WatcherThread [stack: 0x000000d622a00000,0x000000d622b00000] [id=14048]
  0x00000288c7bf3800 GCTaskThread "GC Thread#0" [stack: 0x000000d621c00000,0x000000d621d00000] [id=17288]
  0x00000288e56f2000 GCTaskThread "GC Thread#1" [stack: 0x000000d622c00000,0x000000d622d00000] [id=3700]
  0x00000288c7c0d800 ConcurrentGCThread "G1 Main Marker" [stack: 0x000000d621d00000,0x000000d621e00000] [id=7276]
  0x00000288c7c10800 ConcurrentGCThread "G1 Conc#0" [stack: 0x000000d621e00000,0x000000d621f00000] [id=15080]
  0x00000288c7c66000 ConcurrentGCThread "G1 Refine#0" [stack: 0x000000d621f00000,0x000000d622000000] [id=8808]
  0x00000288c7c6a000 ConcurrentGCThread "G1 Young RemSet Sampling" [stack: 0x000000d622000000,0x000000d622100000] [id=14916]

Threads with active compile tasks:
C2 CompilerThread0    15892 5766       4       java.util.stream.SortedOps$SizedRefSortingSink::end (129 bytes)

VM state:not at safepoint (normal execution)

VM Mutex/Monitor currently owned by a thread: None

Heap address: 0x00000000c1400000, size: 1004 MB, Compressed Oops mode: 32-bit
Narrow klass base: 0x0000000000000000, Narrow klass shift: 3
Compressed class space size: 1073741824 Address: 0x0000000100000000

Heap:
 garbage-first heap   total 78848K, used 50363K [0x00000000c1400000, 0x0000000100000000)
  region size 1024K, 24 young (24576K), 3 survivors (3072K)
 Metaspace       used 37467K, capacity 38432K, committed 38608K, reserved 1083392K
  class space    used 4024K, capacity 4369K, committed 4384K, reserved 1048576K
Heap Regions: E=young(eden), S=young(survivor), O=old, HS=humongous(starts), HC=humongous(continues), CS=collection set, F=free, A=archive, TAMS=top-at-mark-start (previous, next)
|   0|0x00000000c1400000, 0x00000000c1500000, 0x00000000c1500000|100%| O|  |TAMS 0x00000000c1500000, 0x00000000c1400000| Untracked 
|   1|0x00000000c1500000, 0x00000000c1600000, 0x00000000c1600000|100%| O|  |TAMS 0x00000000c1600000, 0x00000000c1500000| Untracked 
|   2|0x00000000c1600000, 0x00000000c1700000, 0x00000000c1700000|100%| O|  |TAMS 0x00000000c1700000, 0x00000000c1600000| Untracked 
|   3|0x00000000c1700000, 0x00000000c1800000, 0x00000000c1800000|100%| O|  |TAMS 0x00000000c1800000, 0x00000000c1700000| Untracked 
|   4|0x00000000c1800000, 0x00000000c1900000, 0x00000000c1900000|100%| O|  |TAMS 0x00000000c1900000, 0x00000000c1800000| Untracked 
|   5|0x00000000c1900000, 0x00000000c1a00000, 0x00000000c1a00000|100%| O|  |TAMS 0x00000000c1a00000, 0x00000000c1900000| Untracked 
|   6|0x00000000c1a00000, 0x00000000c1b00000, 0x00000000c1b00000|100%| O|  |TAMS 0x00000000c1b00000, 0x00000000c1a00000| Untracked 
|   7|0x00000000c1b00000, 0x00000000c1c00000, 0x00000000c1c00000|100%| O|  |TAMS 0x00000000c1c00000, 0x00000000c1b00000| Untracked 
|   8|0x00000000c1c00000, 0x00000000c1d00000, 0x00000000c1d00000|100%| O|  |TAMS 0x00000000c1d00000, 0x00000000c1c00000| Untracked 
|   9|0x00000000c1d00000, 0x00000000c1e00000, 0x00000000c1e00000|100%| O|  |TAMS 0x00000000c1e00000, 0x00000000c1d00000| Untracked 
|  10|0x00000000c1e00000, 0x00000000c1f00000, 0x00000000c1f00000|100%| O|  |TAMS 0x00000000c1f00000, 0x00000000c1e00000| Untracked 
|  11|0x00000000c1f00000, 0x00000000c2000000, 0x00000000c2000000|100%| O|  |TAMS 0x00000000c2000000, 0x00000000c1f00000| Untracked 
|  12|0x00000000c2000000, 0x00000000c2100000, 0x00000000c2100000|100%| O|  |TAMS 0x00000000c2100000, 0x00000000c2000000| Untracked 
|  13|0x00000000c2100000, 0x00000000c2200000, 0x00000000c2200000|100%| O|  |TAMS 0x00000000c2200000, 0x00000000c2100000| Untracked 
|  14|0x00000000c2200000, 0x00000000c224f600, 0x00000000c2300000| 31%| O|  |TAMS 0x00000000c224f600, 0x00000000c2200000| Untracked 
|  15|0x00000000c2300000, 0x00000000c2400000, 0x00000000c2400000|100%|HS|  |TAMS 0x00000000c2300000, 0x00000000c2300000| Complete 
|  16|0x00000000c2400000, 0x00000000c2500000, 0x00000000c2500000|100%|HC|  |TAMS 0x00000000c2400000, 0x00000000c2400000| Complete 
|  17|0x00000000c2500000, 0x00000000c2600000, 0x00000000c2600000|100%|HC|  |TAMS 0x00000000c2500000, 0x00000000c2500000| Complete 
|  18|0x00000000c2600000, 0x00000000c2700000, 0x00000000c2700000|100%|HS|  |TAMS 0x00000000c2600000, 0x00000000c2600000| Complete 
|  19|0x00000000c2700000, 0x00000000c2800000, 0x00000000c2800000|100%|HC|  |TAMS 0x00000000c2700000, 0x00000000c2700000| Complete 
|  20|0x00000000c2800000, 0x00000000c2900000, 0x00000000c2900000|100%|HC|  |TAMS 0x00000000c2800000, 0x00000000c2800000| Complete 
|  21|0x00000000c2900000, 0x00000000c2a00000, 0x00000000c2a00000|100%|HS|  |TAMS 0x00000000c2900000, 0x00000000c2900000| Complete 
|  22|0x00000000c2a00000, 0x00000000c2b00000, 0x00000000c2b00000|100%|HC|  |TAMS 0x00000000c2a00000, 0x00000000c2a00000| Complete 
|  23|0x00000000c2b00000, 0x00000000c2c00000, 0x00000000c2c00000|100%|HC|  |TAMS 0x00000000c2b00000, 0x00000000c2b00000| Complete 
|  24|0x00000000c2c00000, 0x00000000c2d00000, 0x00000000c2d00000|100%|HS|  |TAMS 0x00000000c2c00000, 0x00000000c2c00000| Complete 
|  25|0x00000000c2d00000, 0x00000000c2e00000, 0x00000000c2e00000|100%|HC|  |TAMS 0x00000000c2d00000, 0x00000000c2d00000| Complete 
|  26|0x00000000c2e00000, 0x00000000c2f00000, 0x00000000c2f00000|100%|HC|  |TAMS 0x00000000c2e00000, 0x00000000c2e00000| Complete 
|  27|0x00000000c2f00000, 0x00000000c2f00000, 0x00000000c3000000|  0%| F|  |TAMS 0x00000000c2f00000, 0x00000000c2f00000| Untracked 
|  28|0x00000000c3000000, 0x00000000c3000000, 0x00000000c3100000|  0%| F|  |TAMS 0x00000000c3000000, 0x00000000c3000000| Untracked 
|  29|0x00000000c3100000, 0x00000000c3100000, 0x00000000c3200000|  0%| F|  |TAMS 0x00000000c3100000, 0x00000000c3100000| Untracked 
|  30|0x00000000c3200000, 0x00000000c3200000, 0x00000000c3300000|  0%| F|  |TAMS 0x00000000c3200000, 0x00000000c3200000| Untracked 
|  31|0x00000000c3300000, 0x00000000c3300000, 0x00000000c3400000|  0%| F|  |TAMS 0x00000000c3300000, 0x00000000c3300000| Untracked 
|  32|0x00000000c3400000, 0x00000000c34df880, 0x00000000c3500000| 87%| S|CS|TAMS 0x00000000c3400000, 0x00000000c3400000| Complete 
|  33|0x00000000c3500000, 0x00000000c3600000, 0x00000000c3600000|100%| S|CS|TAMS 0x00000000c3500000, 0x00000000c3500000| Complete 
|  34|0x00000000c3600000, 0x00000000c3700000, 0x00000000c3700000|100%| S|CS|TAMS 0x00000000c3600000, 0x00000000c3600000| Complete 
|  35|0x00000000c3700000, 0x00000000c3700000, 0x00000000c3800000|  0%| F|  |TAMS 0x00000000c3700000, 0x00000000c3700000| Untracked 
|  36|0x00000000c3800000, 0x00000000c3800000, 0x00000000c3900000|  0%| F|  |TAMS 0x00000000c3800000, 0x00000000c3800000| Untracked 
|  37|0x00000000c3900000, 0x00000000c3900000, 0x00000000c3a00000|  0%| F|  |TAMS 0x00000000c3900000, 0x00000000c3900000| Untracked 
|  38|0x00000000c3a00000, 0x00000000c3a00000, 0x00000000c3b00000|  0%| F|  |TAMS 0x00000000c3a00000, 0x00000000c3a00000| Untracked 
|  39|0x00000000c3b00000, 0x00000000c3b00000, 0x00000000c3c00000|  0%| F|  |TAMS 0x00000000c3b00000, 0x00000000c3b00000| Untracked 
|  40|0x00000000c3c00000, 0x00000000c3c00000, 0x00000000c3d00000|  0%| F|  |TAMS 0x00000000c3c00000, 0x00000000c3c00000| Untracked 
|  41|0x00000000c3d00000, 0x00000000c3d00000, 0x00000000c3e00000|  0%| F|  |TAMS 0x00000000c3d00000, 0x00000000c3d00000| Untracked 
|  42|0x00000000c3e00000, 0x00000000c3e00000, 0x00000000c3f00000|  0%| F|  |TAMS 0x00000000c3e00000, 0x00000000c3e00000| Untracked 
|  43|0x00000000c3f00000, 0x00000000c3f00000, 0x00000000c4000000|  0%| F|  |TAMS 0x00000000c3f00000, 0x00000000c3f00000| Untracked 
|  44|0x00000000c4000000, 0x00000000c4000000, 0x00000000c4100000|  0%| F|  |TAMS 0x00000000c4000000, 0x00000000c4000000| Untracked 
|  45|0x00000000c4100000, 0x00000000c4100000, 0x00000000c4200000|  0%| F|  |TAMS 0x00000000c4100000, 0x00000000c4100000| Untracked 
|  46|0x00000000c4200000, 0x00000000c4200000, 0x00000000c4300000|  0%| F|  |TAMS 0x00000000c4200000, 0x00000000c4200000| Untracked 
|  47|0x00000000c4300000, 0x00000000c4300000, 0x00000000c4400000|  0%| F|  |TAMS 0x00000000c4300000, 0x00000000c4300000| Untracked 
|  48|0x00000000c4400000, 0x00000000c4400000, 0x00000000c4500000|  0%| F|  |TAMS 0x00000000c4400000, 0x00000000c4400000| Untracked 
|  49|0x00000000c4500000, 0x00000000c4500000, 0x00000000c4600000|  0%| F|  |TAMS 0x00000000c4500000, 0x00000000c4500000| Untracked 
|  50|0x00000000c4600000, 0x00000000c4600000, 0x00000000c4700000|  0%| F|  |TAMS 0x00000000c4600000, 0x00000000c4600000| Untracked 
|  51|0x00000000c4700000, 0x00000000c4700000, 0x00000000c4800000|  0%| F|  |TAMS 0x00000000c4700000, 0x00000000c4700000| Untracked 
|  52|0x00000000c4800000, 0x00000000c4800000, 0x00000000c4900000|  0%| F|  |TAMS 0x00000000c4800000, 0x00000000c4800000| Untracked 
|  53|0x00000000c4900000, 0x00000000c4900000, 0x00000000c4a00000|  0%| F|  |TAMS 0x00000000c4900000, 0x00000000c4900000| Untracked 
|  54|0x00000000c4a00000, 0x00000000c4a00000, 0x00000000c4b00000|  0%| F|  |TAMS 0x00000000c4a00000, 0x00000000c4a00000| Untracked 
|  55|0x00000000c4b00000, 0x00000000c4b00000, 0x00000000c4c00000|  0%| F|  |TAMS 0x00000000c4b00000, 0x00000000c4b00000| Untracked 
|  56|0x00000000c4c00000, 0x00000000c4c80c10, 0x00000000c4d00000| 50%| E|  |TAMS 0x00000000c4c00000, 0x00000000c4c00000| Complete 
|  57|0x00000000c4d00000, 0x00000000c4e00000, 0x00000000c4e00000|100%| E|CS|TAMS 0x00000000c4d00000, 0x00000000c4d00000| Complete 
|  58|0x00000000c4e00000, 0x00000000c4f00000, 0x00000000c4f00000|100%| E|CS|TAMS 0x00000000c4e00000, 0x00000000c4e00000| Complete 
|  59|0x00000000c4f00000, 0x00000000c5000000, 0x00000000c5000000|100%| E|CS|TAMS 0x00000000c4f00000, 0x00000000c4f00000| Complete 
|  60|0x00000000c5000000, 0x00000000c5100000, 0x00000000c5100000|100%| E|CS|TAMS 0x00000000c5000000, 0x00000000c5000000| Complete 
|  61|0x00000000c5100000, 0x00000000c5200000, 0x00000000c5200000|100%| E|CS|TAMS 0x00000000c5100000, 0x00000000c5100000| Complete 
|  62|0x00000000c5200000, 0x00000000c5300000, 0x00000000c5300000|100%| E|CS|TAMS 0x00000000c5200000, 0x00000000c5200000| Complete 
|  63|0x00000000c5300000, 0x00000000c5400000, 0x00000000c5400000|100%| E|CS|TAMS 0x00000000c5300000, 0x00000000c5300000| Complete 
|  64|0x00000000c5400000, 0x00000000c5500000, 0x00000000c5500000|100%| E|CS|TAMS 0x00000000c5400000, 0x00000000c5400000| Complete 
|  65|0x00000000c5500000, 0x00000000c5600000, 0x00000000c5600000|100%| E|CS|TAMS 0x00000000c5500000, 0x00000000c5500000| Complete 
|  66|0x00000000c5600000, 0x00000000c5700000, 0x00000000c5700000|100%| E|CS|TAMS 0x00000000c5600000, 0x00000000c5600000| Complete 
|  67|0x00000000c5700000, 0x00000000c5800000, 0x00000000c5800000|100%| E|CS|TAMS 0x00000000c5700000, 0x00000000c5700000| Complete 
|  68|0x00000000c5800000, 0x00000000c5900000, 0x00000000c5900000|100%| E|CS|TAMS 0x00000000c5800000, 0x00000000c5800000| Complete 
|  69|0x00000000c5900000, 0x00000000c5a00000, 0x00000000c5a00000|100%| E|CS|TAMS 0x00000000c5900000, 0x00000000c5900000| Complete 
|  70|0x00000000c5a00000, 0x00000000c5b00000, 0x00000000c5b00000|100%| E|CS|TAMS 0x00000000c5a00000, 0x00000000c5a00000| Complete 
|  71|0x00000000c5b00000, 0x00000000c5c00000, 0x00000000c5c00000|100%| E|CS|TAMS 0x00000000c5b00000, 0x00000000c5b00000| Complete 
|  72|0x00000000c5c00000, 0x00000000c5d00000, 0x00000000c5d00000|100%| E|CS|TAMS 0x00000000c5c00000, 0x00000000c5c00000| Complete 
|  73|0x00000000c5d00000, 0x00000000c5e00000, 0x00000000c5e00000|100%| E|CS|TAMS 0x00000000c5d00000, 0x00000000c5d00000| Complete 
|  74|0x00000000c5e00000, 0x00000000c5f00000, 0x00000000c5f00000|100%| E|CS|TAMS 0x00000000c5e00000, 0x00000000c5e00000| Complete 
|  75|0x00000000c5f00000, 0x00000000c6000000, 0x00000000c6000000|100%| E|CS|TAMS 0x00000000c5f00000, 0x00000000c5f00000| Complete 
|  76|0x00000000c6000000, 0x00000000c6100000, 0x00000000c6100000|100%| E|CS|TAMS 0x00000000c6000000, 0x00000000c6000000| Complete 

Card table byte_map: [0x00000288dfb80000,0x00000288dfd80000] _byte_map_base: 0x00000288df576000

Marking Bits (Prev, Next): (CMBitMap*) 0x00000288c7c08a68, (CMBitMap*) 0x00000288c7c08aa0
 Prev Bits: [0x00000288dff80000, 0x00000288e0f30000)
 Next Bits: [0x00000288e0f30000, 0x00000288e1ee0000)

Polling page: 0x00000288c61a0000

Metaspace:

Usage:
  Non-class:     33.26 MB capacity,    32.67 MB ( 98%) used,   536.56 KB (  2%) free+waste,    72.44 KB ( <1%) overhead. 
      Class:      4.27 MB capacity,     3.93 MB ( 92%) used,   310.85 KB (  7%) free+waste,    31.31 KB ( <1%) overhead. 
       Both:     37.53 MB capacity,    36.60 MB ( 98%) used,   847.41 KB (  2%) free+waste,   103.75 KB ( <1%) overhead. 

Virtual space:
  Non-class space:       34.00 MB reserved,      33.42 MB ( 98%) committed 
      Class space:        1.00 GB reserved,       4.28 MB ( <1%) committed 
             Both:        1.03 GB reserved,      37.70 MB (  4%) committed 

Chunk freelists:
   Non-Class:  33.00 KB
       Class:  15.00 KB
        Both:  48.00 KB

MaxMetaspaceSize: 17179869184.00 GB
CompressedClassSpaceSize: 1.00 GB
Initial GC threshold: 20.80 MB
Current GC threshold: 59.09 MB
CDS: off

CodeHeap 'non-profiled nmethods': size=120064Kb used=2329Kb max_used=2329Kb free=117735Kb
 bounds [0x00000288d7e20000, 0x00000288d8090000, 0x00000288df360000]
CodeHeap 'profiled nmethods': size=120000Kb used=12455Kb max_used=12455Kb free=107544Kb
 bounds [0x00000288d08f0000, 0x00000288d1520000, 0x00000288d7e20000]
CodeHeap 'non-nmethods': size=5696Kb used=1230Kb max_used=1272Kb free=4465Kb
 bounds [0x00000288d0360000, 0x00000288d05d0000, 0x00000288d08f0000]
 total_blobs=6256 nmethods=5750 adapters=418
 compilation: enabled
              stopped_count=0, restarted_count=0
 full_count=0

Compilation events (20 events):
Event: 15.640 Thread 0x00000288e4cf3000 5809   !   3       java.util.zip.ZipFile::getMetaInfEntryNames (106 bytes)
Event: 15.641 Thread 0x00000288e4cf3000 nmethod 5809 0x00000288d1514210 code [0x00000288d1514420, 0x00000288d1514cb8]
Event: 15.647 Thread 0x00000288e4cf3000 5810       3       com.google.inject.internal.aop.ClassBuilding$$Lambda$66/0x0000000100159840::accept (12 bytes)
Event: 15.648 Thread 0x00000288e4cf3000 nmethod 5810 0x00000288d1515210 code [0x00000288d1515420, 0x00000288d15159e8]
Event: 15.648 Thread 0x00000288e4cf3000 5812       3       java.util.TreeMap::rotateRight (96 bytes)
Event: 15.649 Thread 0x00000288e4cf3000 nmethod 5812 0x00000288d1515c10 code [0x00000288d1515e00, 0x00000288d1516318]
Event: 15.649 Thread 0x00000288e4cf3000 5813       3       java.lang.AbstractStringBuilder::delete (46 bytes)
Event: 15.649 Thread 0x00000288e4cf3000 nmethod 5813 0x00000288d1516490 code [0x00000288d1516660, 0x00000288d1516898]
Event: 15.649 Thread 0x00000288e4cf3000 5811       3       com.google.inject.internal.aop.ClassBuilding::lambda$buildFastClass$3 (13 bytes)
Event: 15.650 Thread 0x00000288e4cf3000 nmethod 5811 0x00000288d1516990 code [0x00000288d1516b80, 0x00000288d1516fc8]
Event: 15.650 Thread 0x00000288e4cf3000 5814       3       com.google.common.math.MathPreconditions::checkNonNegative (53 bytes)
Event: 15.651 Thread 0x00000288e4cf3000 nmethod 5814 0x00000288d1517190 code [0x00000288d15173e0, 0x00000288d1517948]
Event: 15.651 Thread 0x00000288e4cf3000 5815       3       com.google.common.math.IntMath::sqrtFloor (7 bytes)
Event: 15.651 Thread 0x00000288e4cf3000 nmethod 5815 0x00000288d1517c10 code [0x00000288d1517dc0, 0x00000288d1517ed8]
Event: 15.662 Thread 0x00000288e4cf3000 5816       3       java.util.Optional::ofNullable (15 bytes)
Event: 15.663 Thread 0x00000288e4cf3000 nmethod 5816 0x00000288d1517f90 code [0x00000288d1518180, 0x00000288d1518648]
Event: 15.717 Thread 0x00000288e4cf3000 5817       3       org.codehaus.plexus.util.SelectorUtils::isDoubleStar (32 bytes)
Event: 15.717 Thread 0x00000288e4cf3000 nmethod 5817 0x00000288d1518810 code [0x00000288d15189c0, 0x00000288d1518bf8]
Event: 15.717 Thread 0x00000288e4cf3000 5818       1       org.codehaus.plexus.util.MatchPattern::getTokenizedPathChars (5 bytes)
Event: 15.717 Thread 0x00000288e4cf3000 nmethod 5818 0x00000288d8066110 code [0x00000288d80662c0, 0x00000288d8066378]

GC Heap History (20 events):
Event: 2.261 GC heap before
{Heap before GC invocations=0 (full 0):
 garbage-first heap   total 65536K, used 13312K [0x00000000c1400000, 0x0000000100000000)
  region size 1024K, 14 young (14336K), 0 survivors (0K)
 Metaspace       used 11157K, capacity 11365K, committed 11392K, reserved 1058816K
  class space    used 1042K, capacity 1130K, committed 1152K, reserved 1048576K
}
Event: 2.273 GC heap after
{Heap after GC invocations=1 (full 0):
 garbage-first heap   total 65536K, used 3044K [0x00000000c1400000, 0x0000000100000000)
  region size 1024K, 2 young (2048K), 2 survivors (2048K)
 Metaspace       used 11157K, capacity 11365K, committed 11392K, reserved 1058816K
  class space    used 1042K, capacity 1130K, committed 1152K, reserved 1048576K
}
Event: 2.728 GC heap before
{Heap before GC invocations=1 (full 0):
 garbage-first heap   total 65536K, used 13284K [0x00000000c1400000, 0x0000000100000000)
  region size 1024K, 12 young (12288K), 2 survivors (2048K)
 Metaspace       used 13036K, capacity 13295K, committed 13568K, reserved 1060864K
  class space    used 1314K, capacity 1412K, committed 1536K, reserved 1048576K
}
Event: 2.735 GC heap after
{Heap after GC invocations=2 (full 0):
 garbage-first heap   total 65536K, used 3663K [0x00000000c1400000, 0x0000000100000000)
  region size 1024K, 1 young (1024K), 1 survivors (1024K)
 Metaspace       used 13036K, capacity 13295K, committed 13568K, reserved 1060864K
  class space    used 1314K, capacity 1412K, committed 1536K, reserved 1048576K
}
Event: 3.837 GC heap before
{Heap before GC invocations=2 (full 0):
 garbage-first heap   total 65536K, used 30287K [0x00000000c1400000, 0x0000000100000000)
  region size 1024K, 27 young (27648K), 1 survivors (1024K)
 Metaspace       used 16053K, capacity 16235K, committed 16384K, reserved 1064960K
  class space    used 1672K, capacity 1750K, committed 1792K, reserved 1048576K
}
Event: 3.844 GC heap after
{Heap after GC invocations=3 (full 0):
 garbage-first heap   total 65536K, used 4636K [0x00000000c1400000, 0x0000000100000000)
  region size 1024K, 2 young (2048K), 2 survivors (2048K)
 Metaspace       used 16053K, capacity 16235K, committed 16384K, reserved 1064960K
  class space    used 1672K, capacity 1750K, committed 1792K, reserved 1048576K
}
Event: 5.455 GC heap before
{Heap before GC invocations=3 (full 0):
 garbage-first heap   total 65536K, used 31260K [0x00000000c1400000, 0x0000000100000000)
  region size 1024K, 29 young (29696K), 2 survivors (2048K)
 Metaspace       used 20930K, capacity 21209K, committed 21296K, reserved 1069056K
  class space    used 2305K, capacity 2423K, committed 2432K, reserved 1048576K
}
Event: 5.471 GC heap after
{Heap after GC invocations=4 (full 0):
 garbage-first heap   total 65536K, used 6567K [0x00000000c1400000, 0x0000000100000000)
  region size 1024K, 4 young (4096K), 4 survivors (4096K)
 Metaspace       used 20930K, capacity 21209K, committed 21296K, reserved 1069056K
  class space    used 2305K, capacity 2423K, committed 2432K, reserved 1048576K
}
Event: 7.344 GC heap before
{Heap before GC invocations=5 (full 0):
 garbage-first heap   total 65536K, used 39335K [0x00000000c1400000, 0x0000000100000000)
  region size 1024K, 36 young (36864K), 4 survivors (4096K)
 Metaspace       used 23733K, capacity 24244K, committed 24444K, reserved 1071104K
  class space    used 2571K, capacity 2729K, committed 2764K, reserved 1048576K
}
Event: 7.374 GC heap after
{Heap after GC invocations=6 (full 0):
 garbage-first heap   total 65536K, used 10257K [0x00000000c1400000, 0x0000000100000000)
  region size 1024K, 5 young (5120K), 5 survivors (5120K)
 Metaspace       used 23733K, capacity 24244K, committed 24444K, reserved 1071104K
  class space    used 2571K, capacity 2729K, committed 2764K, reserved 1048576K
}
Event: 9.242 GC heap before
{Heap before GC invocations=6 (full 0):
 garbage-first heap   total 65536K, used 43025K [0x00000000c1400000, 0x0000000100000000)
  region size 1024K, 37 young (37888K), 5 survivors (5120K)
 Metaspace       used 24631K, capacity 25218K, committed 25340K, reserved 1071104K
  class space    used 2634K, capacity 2820K, committed 2892K, reserved 1048576K
}
Event: 9.272 GC heap after
{Heap after GC invocations=7 (full 0):
 garbage-first heap   total 78848K, used 12431K [0x00000000c1400000, 0x0000000100000000)
  region size 1024K, 2 young (2048K), 2 survivors (2048K)
 Metaspace       used 24631K, capacity 25218K, committed 25340K, reserved 1071104K
  class space    used 2634K, capacity 2820K, committed 2892K, reserved 1048576K
}
Event: 11.729 GC heap before
{Heap before GC invocations=7 (full 0):
 garbage-first heap   total 78848K, used 49295K [0x00000000c1400000, 0x0000000100000000)
  region size 1024K, 38 young (38912K), 2 survivors (2048K)
 Metaspace       used 31924K, capacity 32684K, committed 32892K, reserved 1079296K
  class space    used 3473K, capacity 3720K, committed 3788K, reserved 1048576K
}
Event: 11.742 GC heap after
{Heap after GC invocations=8 (full 0):
 garbage-first heap   total 78848K, used 14979K [0x00000000c1400000, 0x0000000100000000)
  region size 1024K, 5 young (5120K), 5 survivors (5120K)
 Metaspace       used 31924K, capacity 32684K, committed 32892K, reserved 1079296K
  class space    used 3473K, capacity 3720K, committed 3788K, reserved 1048576K
}
Event: 13.858 GC heap before
{Heap before GC invocations=8 (full 0):
 garbage-first heap   total 78848K, used 52867K [0x00000000c1400000, 0x0000000100000000)
  region size 1024K, 42 young (43008K), 5 survivors (5120K)
 Metaspace       used 34855K, capacity 35814K, committed 36048K, reserved 1081344K
  class space    used 3724K, capacity 4052K, committed 4128K, reserved 1048576K
}
Event: 13.876 GC heap after
{Heap after GC invocations=9 (full 0):
 garbage-first heap   total 78848K, used 16694K [0x00000000c1400000, 0x0000000100000000)
  region size 1024K, 5 young (5120K), 5 survivors (5120K)
 Metaspace       used 34855K, capacity 35814K, committed 36048K, reserved 1081344K
  class space    used 3724K, capacity 4052K, committed 4128K, reserved 1048576K
}
Event: 13.918 GC heap before
{Heap before GC invocations=9 (full 0):
 garbage-first heap   total 78848K, used 17718K [0x00000000c1400000, 0x0000000100000000)
  region size 1024K, 7 young (7168K), 5 survivors (5120K)
 Metaspace       used 35004K, capacity 35942K, committed 36048K, reserved 1081344K
  class space    used 3743K, capacity 4052K, committed 4128K, reserved 1048576K
}
Event: 13.930 GC heap after
{Heap after GC invocations=10 (full 0):
 garbage-first heap   total 78848K, used 16701K [0x00000000c1400000, 0x0000000100000000)
  region size 1024K, 2 young (2048K), 2 survivors (2048K)
 Metaspace       used 35004K, capacity 35942K, committed 36048K, reserved 1081344K
  class space    used 3743K, capacity 4052K, committed 4128K, reserved 1048576K
}
Event: 15.054 GC heap before
{Heap before GC invocations=11 (full 0):
 garbage-first heap   total 78848K, used 57661K [0x00000000c1400000, 0x0000000100000000)
  region size 1024K, 42 young (43008K), 2 survivors (2048K)
 Metaspace       used 35771K, capacity 36646K, committed 36816K, reserved 1081344K
  class space    used 3787K, capacity 4095K, committed 4128K, reserved 1048576K
}
Event: 15.065 GC heap after
{Heap after GC invocations=12 (full 0):
 garbage-first heap   total 78848K, used 17595K [0x00000000c1400000, 0x0000000100000000)
  region size 1024K, 3 young (3072K), 3 survivors (3072K)
 Metaspace       used 35771K, capacity 36646K, committed 36816K, reserved 1081344K
  class space    used 3787K, capacity 4095K, committed 4128K, reserved 1048576K
}

Deoptimization events (20 events):
Event: 15.385 Thread 0x00000288c7bdb800 Uncommon trap: trap_request=0xffffff4d fr.pc=0x00000288d800859c relative=0x00000000000000fc
Event: 15.385 Thread 0x00000288c7bdb800 Uncommon trap: reason=unstable_if action=reinterpret pc=0x00000288d800859c method=java.lang.StringLatin1.lastIndexOf([BI[BII)I @ 86 c2
Event: 15.385 Thread 0x00000288c7bdb800 DEOPT PACKING pc=0x00000288d800859c sp=0x000000d621bfd160
Event: 15.385 Thread 0x00000288c7bdb800 DEOPT UNPACKING pc=0x00000288d03aa1af sp=0x000000d621bfd0b8 mode 2
Event: 15.618 Thread 0x00000288c7bdb800 Uncommon trap: trap_request=0xffffffbe fr.pc=0x00000288d805cae8 relative=0x0000000000001188
Event: 15.618 Thread 0x00000288c7bdb800 Uncommon trap: reason=profile_predicate action=maybe_recompile pc=0x00000288d805cae8 method=java.util.concurrent.ConcurrentHashMap.putAll(Ljava/util/Map;)V @ 28 c2
Event: 15.618 Thread 0x00000288c7bdb800 DEOPT PACKING pc=0x00000288d805cae8 sp=0x000000d621bfde70
Event: 15.618 Thread 0x00000288c7bdb800 DEOPT UNPACKING pc=0x00000288d03aa1af sp=0x000000d621bfde50 mode 2
Event: 15.662 Thread 0x00000288c7bdb800 Uncommon trap: trap_request=0xffffffbe fr.pc=0x00000288d805cae8 relative=0x0000000000001188
Event: 15.662 Thread 0x00000288c7bdb800 Uncommon trap: reason=profile_predicate action=maybe_recompile pc=0x00000288d805cae8 method=java.util.concurrent.ConcurrentHashMap.putAll(Ljava/util/Map;)V @ 28 c2
Event: 15.662 Thread 0x00000288c7bdb800 DEOPT PACKING pc=0x00000288d805cae8 sp=0x000000d621bfdae0
Event: 15.662 Thread 0x00000288c7bdb800 DEOPT UNPACKING pc=0x00000288d03aa1af sp=0x000000d621bfdac0 mode 2
Event: 15.663 Thread 0x00000288c7bdb800 Uncommon trap: trap_request=0xffffffde fr.pc=0x00000288d7fbeddc relative=0x00000000000025fc
Event: 15.663 Thread 0x00000288c7bdb800 Uncommon trap: reason=class_check action=maybe_recompile pc=0x00000288d7fbeddc method=org.apache.maven.model.Plugin.clone()Lorg/apache/maven/model/Plugin; @ 94 c2
Event: 15.663 Thread 0x00000288c7bdb800 DEOPT PACKING pc=0x00000288d7fbeddc sp=0x000000d621bfd6f0
Event: 15.663 Thread 0x00000288c7bdb800 DEOPT UNPACKING pc=0x00000288d03aa1af sp=0x000000d621bfd740 mode 2
Event: 15.663 Thread 0x00000288c7bdb800 Uncommon trap: trap_request=0xffffffde fr.pc=0x00000288d7fbeddc relative=0x00000000000025fc
Event: 15.663 Thread 0x00000288c7bdb800 Uncommon trap: reason=class_check action=maybe_recompile pc=0x00000288d7fbeddc method=org.apache.maven.model.Plugin.clone()Lorg/apache/maven/model/Plugin; @ 94 c2
Event: 15.663 Thread 0x00000288c7bdb800 DEOPT PACKING pc=0x00000288d7fbeddc sp=0x000000d621bfd6f0
Event: 15.663 Thread 0x00000288c7bdb800 DEOPT UNPACKING pc=0x00000288d03aa1af sp=0x000000d621bfd740 mode 2

Classes redefined (0 events):
No events

Internal exceptions (20 events):
Event: 12.668 Thread 0x00000288c7bdb800 Exception <a 'sun/nio/fs/WindowsException'{0x00000000c5376660}> (0x00000000c5376660) thrown at [./src/hotspot/share/prims/jni.cpp, line 617]
Event: 12.668 Thread 0x00000288c7bdb800 Exception <a 'sun/nio/fs/WindowsException'{0x00000000c5376a70}> (0x00000000c5376a70) thrown at [./src/hotspot/share/prims/jni.cpp, line 617]
Event: 12.738 Thread 0x00000288c7bdb800 Exception <a 'sun/nio/fs/WindowsException'{0x00000000c503a0a0}> (0x00000000c503a0a0) thrown at [./src/hotspot/share/prims/jni.cpp, line 617]
Event: 12.738 Thread 0x00000288c7bdb800 Exception <a 'sun/nio/fs/WindowsException'{0x00000000c503a400}> (0x00000000c503a400) thrown at [./src/hotspot/share/prims/jni.cpp, line 617]
Event: 12.739 Thread 0x00000288c7bdb800 Exception <a 'sun/nio/fs/WindowsException'{0x00000000c50427d0}> (0x00000000c50427d0) thrown at [./src/hotspot/share/prims/jni.cpp, line 617]
Event: 12.739 Thread 0x00000288c7bdb800 Exception <a 'sun/nio/fs/WindowsException'{0x00000000c5042a98}> (0x00000000c5042a98) thrown at [./src/hotspot/share/prims/jni.cpp, line 617]
Event: 12.741 Thread 0x00000288c7bdb800 Exception <a 'sun/nio/fs/WindowsException'{0x00000000c50525e8}> (0x00000000c50525e8) thrown at [./src/hotspot/share/prims/jni.cpp, line 617]
Event: 12.741 Thread 0x00000288c7bdb800 Exception <a 'sun/nio/fs/WindowsException'{0x00000000c5052940}> (0x00000000c5052940) thrown at [./src/hotspot/share/prims/jni.cpp, line 617]
Event: 12.741 Thread 0x00000288c7bdb800 Exception <a 'sun/nio/fs/WindowsException'{0x00000000c5053e90}> (0x00000000c5053e90) thrown at [./src/hotspot/share/prims/jni.cpp, line 617]
Event: 12.741 Thread 0x00000288c7bdb800 Exception <a 'sun/nio/fs/WindowsException'{0x00000000c5054270}> (0x00000000c5054270) thrown at [./src/hotspot/share/prims/jni.cpp, line 617]
Event: 12.789 Thread 0x00000288c7bdb800 Exception <a 'sun/nio/fs/WindowsException'{0x00000000c507c398}> (0x00000000c507c398) thrown at [./src/hotspot/share/prims/jni.cpp, line 617]
Event: 12.789 Thread 0x00000288c7bdb800 Exception <a 'sun/nio/fs/WindowsException'{0x00000000c507cad0}> (0x00000000c507cad0) thrown at [./src/hotspot/share/prims/jni.cpp, line 617]
Event: 12.790 Thread 0x00000288c7bdb800 Exception <a 'sun/nio/fs/WindowsException'{0x00000000c507d1d0}> (0x00000000c507d1d0) thrown at [./src/hotspot/share/prims/jni.cpp, line 617]
Event: 12.790 Thread 0x00000288c7bdb800 Exception <a 'sun/nio/fs/WindowsException'{0x00000000c507d8e0}> (0x00000000c507d8e0) thrown at [./src/hotspot/share/prims/jni.cpp, line 617]
Event: 12.790 Thread 0x00000288c7bdb800 Exception <a 'sun/nio/fs/WindowsException'{0x00000000c507dba8}> (0x00000000c507dba8) thrown at [./src/hotspot/share/prims/jni.cpp, line 617]
Event: 12.790 Thread 0x00000288c7bdb800 Exception <a 'sun/nio/fs/WindowsException'{0x00000000c507e828}> (0x00000000c507e828) thrown at [./src/hotspot/share/prims/jni.cpp, line 617]
Event: 12.833 Thread 0x00000288c7bdb800 Implicit null exception at 0x00000288d7fc6c83 to 0x00000288d7fc76b8
Event: 14.096 Thread 0x00000288c7bdb800 Exception <a 'java/lang/NoSuchMethodError'{0x00000000c5b58e50}: 'java.lang.String org.apache.maven.execution.MavenExecutionRequest.getFailureBehavior()'> (0x00000000c5b58e50) thrown at [./src/hotspot/share/interpreter/linkResolver.cpp, line 868]
Event: 14.144 Thread 0x00000288e5f96800 Exception <a 'java/lang/NoSuchMethodError'{0x00000000c5bbfbe8}: 'java.lang.Object java.lang.invoke.DirectMethodHandle$Holder.invokeStaticInit(java.lang.Object, java.lang.Object, long, java.lang.Object)'> (0x00000000c5bbfbe8) thrown at [./src/hotspot/share/interpreter/linkResolver.cpp, line 773]
Event: 14.148 Thread 0x00000288e5f96800 Exception <a 'java/lang/NoSuchMethodError'{0x00000000c5bcbd08}: 'java.lang.Object java.lang.invoke.Invokers$Holder.linkToTargetMethod(java.lang.Object, long, java.lang.Object)'> (0x00000000c5bcbd08) thrown at [./src/hotspot/share/interpreter/linkResolver.cpp, line 773]

Events (20 events):
Event: 15.790 loading class java/util/concurrent/ConcurrentLinkedDeque$Node
Event: 15.790 loading class java/util/concurrent/ConcurrentLinkedDeque$Node done
Event: 15.790 loading class org/codehaus/plexus/archiver/jar/JdkManifestFactory
Event: 15.790 loading class org/codehaus/plexus/archiver/jar/JdkManifestFactory done
Event: 15.791 loading class org/codehaus/plexus/archiver/jar/JdkManifestFactory
Event: 15.791 loading class org/codehaus/plexus/archiver/jar/JdkManifestFactory done
Event: 15.791 loading class java/util/Vector$1
Event: 15.792 loading class java/util/Vector$1 done
Event: 15.794 loading class org/apache/commons/compress/archivers/zip/ExtraFieldParsingBehavior
Event: 15.794 loading class org/apache/commons/compress/archivers/zip/ExtraFieldParsingBehavior done
Event: 15.794 loading class org/apache/commons/compress/archivers/zip/ExtraFieldParsingBehavior
Event: 15.794 loading class org/apache/commons/compress/archivers/zip/ExtraFieldParsingBehavior done
Event: 15.795 loading class org/apache/commons/compress/archivers/zip/UnparseableExtraFieldBehavior
Event: 15.795 loading class org/apache/commons/compress/archivers/zip/UnparseableExtraFieldBehavior done
Event: 15.795 loading class org/apache/commons/compress/archivers/zip/UnparseableExtraFieldBehavior
Event: 15.795 loading class org/apache/commons/compress/archivers/zip/UnparseableExtraFieldBehavior done
Event: 15.796 loading class org/apache/commons/compress/archivers/zip/GeneralPurposeBit
Event: 15.796 loading class org/apache/commons/compress/archivers/zip/GeneralPurposeBit done
Event: 15.796 loading class org/apache/commons/compress/archivers/zip/GeneralPurposeBit
Event: 15.796 loading class org/apache/commons/compress/archivers/zip/GeneralPurposeBit done


Dynamic libraries:
0x00007ff663880000 - 0x00007ff66388d000 	C:\Program Files\Amazon Corretto\jdk11.0.18_10\bin\java.exe
0x00007ffdc56d0000 - 0x00007ffdc58c8000 	C:\Windows\SYSTEM32\ntdll.dll
0x00007ffdc4b30000 - 0x00007ffdc4bef000 	C:\Windows\System32\KERNEL32.DLL
0x00007ffdc2ea0000 - 0x00007ffdc3172000 	C:\Windows\System32\KERNELBASE.dll
0x00007ffdc3410000 - 0x00007ffdc3510000 	C:\Windows\System32\ucrtbase.dll
0x00007ffdba9f0000 - 0x00007ffdbaa09000 	C:\Program Files\Amazon Corretto\jdk11.0.18_10\bin\VCRUNTIME140.dll
0x00007ffdabde0000 - 0x00007ffdabdf7000 	C:\Program Files\Amazon Corretto\jdk11.0.18_10\bin\jli.dll
0x00007ffdc3900000 - 0x00007ffdc3aa1000 	C:\Windows\System32\USER32.dll
0x00007ffdc3230000 - 0x00007ffdc3252000 	C:\Windows\System32\win32u.dll
0x00007ffdc3d90000 - 0x00007ffdc3dbb000 	C:\Windows\System32\GDI32.dll
0x00007ffdc35a0000 - 0x00007ffdc36af000 	C:\Windows\System32\gdi32full.dll
0x00007ffdc2e00000 - 0x00007ffdc2e9d000 	C:\Windows\System32\msvcp_win.dll
0x00007ffdad1e0000 - 0x00007ffdad47a000 	C:\Windows\WinSxS\amd64_microsoft.windows.common-controls_6595b64144ccf1df_6.0.19041.1110_none_60b5254171f9507e\COMCTL32.dll
0x00007ffdc41f0000 - 0x00007ffdc428e000 	C:\Windows\System32\msvcrt.dll
0x00007ffdc4e60000 - 0x00007ffdc4e90000 	C:\Windows\System32\IMM32.DLL
0x00007ffd8b480000 - 0x00007ffd8b51b000 	C:\Program Files\Amazon Corretto\jdk11.0.18_10\bin\msvcp140.dll
0x00007ffd67c60000 - 0x00007ffd687ea000 	C:\Program Files\Amazon Corretto\jdk11.0.18_10\bin\server\jvm.dll
0x00007ffdc4a80000 - 0x00007ffdc4b2e000 	C:\Windows\System32\ADVAPI32.dll
0x00007ffdc4bf0000 - 0x00007ffdc4c8c000 	C:\Windows\System32\sechost.dll
0x00007ffdc3c60000 - 0x00007ffdc3d84000 	C:\Windows\System32\RPCRT4.dll
0x00007ffdc3780000 - 0x00007ffdc3788000 	C:\Windows\System32\PSAPI.DLL
0x00007ffda9b60000 - 0x00007ffda9b69000 	C:\Windows\SYSTEM32\WSOCK32.dll
0x00007ffdc4180000 - 0x00007ffdc41eb000 	C:\Windows\System32\WS2_32.dll
0x00007ffdaa5c0000 - 0x00007ffdaa5e7000 	C:\Windows\SYSTEM32\WINMM.dll
0x00007ffdbaab0000 - 0x00007ffdbaaba000 	C:\Windows\SYSTEM32\VERSION.dll
0x00007ffdc15e0000 - 0x00007ffdc15f2000 	C:\Windows\SYSTEM32\kernel.appcore.dll
0x00007ffdbbc90000 - 0x00007ffdbbca0000 	C:\Program Files\Amazon Corretto\jdk11.0.18_10\bin\verify.dll
0x00007ffdc0b50000 - 0x00007ffdc0d34000 	C:\Windows\SYSTEM32\DBGHELP.DLL
0x00007ffda4b40000 - 0x00007ffda4b75000 	C:\Windows\SYSTEM32\dbgcore.DLL
0x00007ffdc3510000 - 0x00007ffdc3592000 	C:\Windows\System32\bcryptPrimitives.dll
0x00007ffda4130000 - 0x00007ffda4158000 	C:\Program Files\Amazon Corretto\jdk11.0.18_10\bin\java.dll
0x00007ffdba9e0000 - 0x00007ffdba9ea000 	C:\Program Files\Amazon Corretto\jdk11.0.18_10\bin\jimage.dll
0x00007ffdabdc0000 - 0x00007ffdabdd8000 	C:\Program Files\Amazon Corretto\jdk11.0.18_10\bin\zip.dll
0x00007ffdc4320000 - 0x00007ffdc4a65000 	C:\Windows\System32\SHELL32.dll
0x00007ffdc0d40000 - 0x00007ffdc14d2000 	C:\Windows\SYSTEM32\windows.storage.dll
0x00007ffdc3dc0000 - 0x00007ffdc4115000 	C:\Windows\System32\combase.dll
0x00007ffdc2670000 - 0x00007ffdc26a0000 	C:\Windows\SYSTEM32\Wldp.dll
0x00007ffdc4db0000 - 0x00007ffdc4e5d000 	C:\Windows\System32\SHCORE.dll
0x00007ffdc3720000 - 0x00007ffdc3775000 	C:\Windows\System32\shlwapi.dll
0x00007ffdc2d10000 - 0x00007ffdc2d2f000 	C:\Windows\SYSTEM32\profapi.dll
0x00007ffdabbe0000 - 0x00007ffdabbf9000 	C:\Program Files\Amazon Corretto\jdk11.0.18_10\bin\net.dll
0x00007ffdb8360000 - 0x00007ffdb846a000 	C:\Windows\SYSTEM32\WINHTTP.dll
0x00007ffdc2450000 - 0x00007ffdc24ba000 	C:\Windows\system32\mswsock.dll
0x00007ffda7e80000 - 0x00007ffda7e93000 	C:\Program Files\Amazon Corretto\jdk11.0.18_10\bin\nio.dll
0x0000000069ac0000 - 0x0000000069ae4000 	C:\Users\nat\apache-maven-3.9.0-bin\apache-maven-3.9.0\lib\jansi-native\Windows\x86_64\jansi.dll

dbghelp: loaded successfully - version: 4.0.5 - missing functions: none
symbol engine: initialized successfully - sym options: 0x614 - pdb path: .;C:\Program Files\Amazon Corretto\jdk11.0.18_10\bin;C:\Windows\SYSTEM32;C:\Windows\WinSxS\amd64_microsoft.windows.common-controls_6595b64144ccf1df_6.0.19041.1110_none_60b5254171f9507e;C:\Program Files\Amazon Corretto\jdk11.0.18_10\bin\server;C:\Users\nat\apache-maven-3.9.0-bin\apache-maven-3.9.0\lib\jansi-native\Windows\x86_64

VM Arguments:
jvm_args: -Dclassworlds.conf=C:\Users\nat\apache-maven-3.9.0-bin\apache-maven-3.9.0\bin\m2.conf -Dmaven.home=C:\Users\nat\apache-maven-3.9.0-bin\apache-maven-3.9.0 -Dlibrary.jansi.path=C:\Users\nat\apache-maven-3.9.0-bin\apache-maven-3.9.0\lib\jansi-native -Dmaven.multiModuleProjectDirectory=C:\Users\nat\dev\java-explore-with-me 
java_command: org.codehaus.plexus.classworlds.launcher.Launcher clean install
java_class_path (initial): C:\Users\nat\apache-maven-3.9.0-bin\apache-maven-3.9.0\boot\plexus-classworlds-2.6.0.jar
Launcher Type: SUN_STANDARD

[Global flags]
     intx CICompilerCount                          = 3                                         {product} {ergonomic}
     uint ConcGCThreads                            = 1                                         {product} {ergonomic}
     uint G1ConcRefinementThreads                  = 4                                         {product} {ergonomic}
   size_t G1HeapRegionSize                         = 1048576                                   {product} {ergonomic}
    uintx GCDrainStackTargetSize                   = 64                                        {product} {ergonomic}
   size_t InitialHeapSize                          = 67108864                                  {product} {ergonomic}
   size_t MarkStackSize                            = 4194304                                   {product} {ergonomic}
   size_t MaxHeapSize                              = 1052770304                                {product} {ergonomic}
   size_t MaxNewSize                               = 631242752                                 {product} {ergonomic}
   size_t MinHeapDeltaBytes                        = 1048576                                   {product} {ergonomic}
    uintx NonNMethodCodeHeapSize                   = 5830732                                {pd product} {ergonomic}
    uintx NonProfiledCodeHeapSize                  = 122913754                              {pd product} {ergonomic}
    uintx ProfiledCodeHeapSize                     = 122913754                              {pd product} {ergonomic}
    uintx ReservedCodeCacheSize                    = 251658240                              {pd product} {ergonomic}
     bool SegmentedCodeCache                       = true                                      {product} {ergonomic}
     bool UseCompressedClassPointers               = true                                 {lp64_product} {ergonomic}
     bool UseCompressedOops                        = true                                 {lp64_product} {ergonomic}
     bool UseG1GC                                  = true                                      {product} {ergonomic}
     bool UseLargePagesIndividualAllocation        = false                                  {pd product} {ergonomic}

Logging:
Log output configuration:
 #0: stdout all=warning uptime,level,tags
 #1: stderr all=off uptime,level,tags

Environment Variables:
JAVA_HOME=C:\Program Files\Amazon Corretto\jdk11.0.18_10
PATH=C:\Program Files\Amazon Corretto\jdk11.0.18_10\bin;C:\Windows\system32;C:\Windows;C:\Windows\System32\Wbem;C:\Windows\System32\WindowsPowerShell\v1.0\;C:\Windows\System32\OpenSSH\;C:\Program Files\Docker\Docker\resources\bin;C:\Program Files\Git\cmd;C:\Users\nat\AppData\Local\Programs\Python\Python311\Scripts\;C:\Users\nat\AppData\Local\Programs\Python\Python311\;C:\Users\nat\AppData\Local\Microsoft\WindowsApps;C:\Users\nat\AppData\Local\Programs\Microsoft VS Code\bin;C:\Program Files\Amazon Corretto\jdk11.0.18_10\bin;C:\Users\nat\apache-maven-3.9.0-bin\apache-maven-3.9.0\bin;
USERNAME=nat
OS=Windows_NT
PROCESSOR_IDENTIFIER=Intel64 Family 6 Model 142 Stepping 10, GenuineIntel
TMP=C:\Users\nat\AppData\Local\Temp
TEMP=C:\Users\nat\AppData\Local\Temp



---------------  S Y S T E M  ---------------

OS: Windows 10 , 64 bit Build 19041 (10.0.19041.2546)
OS uptime: 0 days 14:47 hours
Hyper-V role detected

CPU:total 4 (initial active 4) (2 cores per cpu, 2 threads per core) family 6 model 142 stepping 10 microcode 0xb4, cmov, cx8, fxsr, mmx, sse, sse2, sse3, ssse3, sse4.1, sse4.2, popcnt, avx, avx2, aes, clmul, erms, 3dnowpref, lzcnt, ht, tsc, tscinvbit, bmi1, bmi2, adx, fma

Memory: 4k page, system-wide physical 4011M (181M free)
TotalPageFile size 16299M (AvailPageFile size 3M)
current process WorkingSet (physical memory assigned to process): 194M, peak: 194M
current process commit charge ("private bytes"): 229M, peak: 230M

vm_info: OpenJDK 64-Bit Server VM (11.0.18+10-LTS) for windows-amd64 JRE (11.0.18+10-LTS), built on Jan 10 2023 20:17:52 by "Administrator" with MS VC++ 15.9 (VS2017)

END.
