#
# There is insufficient memory for the Java Runtime Environment to continue.
# Native memory allocation (malloc) failed to allocate 32744 bytes for ChunkPool::allocate
# Possible reasons:
#   The system is out of physical RAM or swap space
#   The process is running with CompressedOops enabled, and the Java Heap may be blocking the growth of the native heap
# Possible solutions:
#   Reduce memory load on the system
#   Increase physical memory or swap space
#   Check if swap backing store is full
#   Decrease Java heap size (-Xmx/-Xms)
#   Decrease number of Java threads
#   Decrease Java thread stack sizes (-Xss)
#   Set larger code cache with -XX:ReservedCodeCacheSize=
#   JVM is running with Unscaled Compressed Oops mode in which the Java heap is
#     placed in the first 4GB address space. The Java Heap base address is the
#     maximum limit for the native heap growth. Please use -XX:HeapBaseMinAddress
#     to set the Java Heap base and to place the Java Heap above 4GB virtual address.
# This output file may be truncated or incomplete.
#
#  Out of Memory Error (./src/hotspot/share/memory/arena.cpp:81), pid=10772, tid=5764
#
# JRE version: OpenJDK Runtime Environment Corretto-11.0.18.10.1 (11.0.18+10) (build 11.0.18+10-LTS)
# Java VM: OpenJDK 64-Bit Server VM Corretto-11.0.18.10.1 (11.0.18+10-LTS, mixed mode, tiered, compressed oops, g1 gc, windows-amd64)
# No core dump will be written. Minidumps are not enabled by default on client versions of Windows
#

---------------  S U M M A R Y ------------

Command Line: -Dclassworlds.conf=C:\Users\nat\apache-maven-3.9.0-bin\apache-maven-3.9.0\bin\m2.conf -Dmaven.home=C:\Users\nat\apache-maven-3.9.0-bin\apache-maven-3.9.0 -Dlibrary.jansi.path=C:\Users\nat\apache-maven-3.9.0-bin\apache-maven-3.9.0\lib\jansi-native -Dmaven.multiModuleProjectDirectory=C:\Users\nat\dev\java-explore-with-me org.codehaus.plexus.classworlds.launcher.Launcher clean install

Host: Intel(R) Core(TM) i3-7020U CPU @ 2.30GHz, 4 cores, 3G,  Windows 10 , 64 bit Build 19041 (10.0.19041.2546)
Time: Mon Apr 17 13:00:01 2023 RTZ 2 (s 10 , 64 bit Build 19041 (10.0.19041.2546) elapsed time: 54.180186 seconds (0d 0h 0m 54s)

---------------  T H R E A D  ---------------

Current thread (0x0000017c7a232800):  JavaThread "C1 CompilerThread0" daemon [_thread_in_native, id=5764, stack(0x0000002d17800000,0x0000002d17900000)]


Current CompileTask:
C1:  54180 5223       3       org.apache.maven.model.io.xpp3.MavenXpp3Reader::parseReportPlugin (373 bytes)

Stack: [0x0000002d17800000,0x0000002d17900000]
Native frames: (J=compiled Java code, j=interpreted, Vv=VM code, C=native code)
V  [jvm.dll+0x622d9a]
V  [jvm.dll+0x7b0289]
V  [jvm.dll+0x7b1978]
V  [jvm.dll+0x7b2053]
V  [jvm.dll+0x24fe08]
V  [jvm.dll+0xc28ab]
V  [jvm.dll+0xc2c0c]
V  [jvm.dll+0xce56a]
V  [jvm.dll+0x16cf7b]
V  [jvm.dll+0x174e0d]
V  [jvm.dll+0x174c90]
V  [jvm.dll+0x16caea]
V  [jvm.dll+0x16bb99]
V  [jvm.dll+0x1759cb]
V  [jvm.dll+0x16ccdb]
V  [jvm.dll+0x1705df]
V  [jvm.dll+0x12ada5]
V  [jvm.dll+0x12a61f]
V  [jvm.dll+0x12a84f]
V  [jvm.dll+0x129af4]
V  [jvm.dll+0x12ba07]
V  [jvm.dll+0x217ac4]
V  [jvm.dll+0x215d0b]
V  [jvm.dll+0x772d90]
V  [jvm.dll+0x76bcc4]
V  [jvm.dll+0x621c05]
C  [ucrtbase.dll+0x21bb2]
C  [KERNEL32.DLL+0x17614]
C  [ntdll.dll+0x526a1]


---------------  P R O C E S S  ---------------

Threads class SMR info:
_java_thread_list=0x0000017c7a3ef530, length=10, elements={
0x0000017c6c11c800, 0x0000017c7a1c3800, 0x0000017c7a1c4800, 0x0000017c7a226000,
0x0000017c7a227000, 0x0000017c7a228000, 0x0000017c7a22d800, 0x0000017c7a232800,
0x0000017c7a25e000, 0x0000017c7a450800
}

Java Threads: ( => current thread )
  0x0000017c6c11c800 JavaThread "main" [_thread_in_native, id=3708, stack(0x0000002d16b00000,0x0000002d16c00000)]
  0x0000017c7a1c3800 JavaThread "Reference Handler" daemon [_thread_blocked, id=17088, stack(0x0000002d17200000,0x0000002d17300000)]
  0x0000017c7a1c4800 JavaThread "Finalizer" daemon [_thread_blocked, id=16616, stack(0x0000002d17300000,0x0000002d17400000)]
  0x0000017c7a226000 JavaThread "Signal Dispatcher" daemon [_thread_blocked, id=14848, stack(0x0000002d17400000,0x0000002d17500000)]
  0x0000017c7a227000 JavaThread "Attach Listener" daemon [_thread_blocked, id=2372, stack(0x0000002d17500000,0x0000002d17600000)]
  0x0000017c7a228000 JavaThread "Service Thread" daemon [_thread_blocked, id=18284, stack(0x0000002d17600000,0x0000002d17700000)]
  0x0000017c7a22d800 JavaThread "C2 CompilerThread0" daemon [_thread_in_native, id=16240, stack(0x0000002d17700000,0x0000002d17800000)]
=>0x0000017c7a232800 JavaThread "C1 CompilerThread0" daemon [_thread_in_native, id=5764, stack(0x0000002d17800000,0x0000002d17900000)]
  0x0000017c7a25e000 JavaThread "Sweeper thread" daemon [_thread_blocked, id=8784, stack(0x0000002d17900000,0x0000002d17a00000)]
  0x0000017c7a450800 JavaThread "Common-Cleaner" daemon [_thread_blocked, id=8408, stack(0x0000002d17b00000,0x0000002d17c00000)]

Other Threads:
  0x0000017c7a19d000 VMThread "VM Thread" [stack: 0x0000002d17100000,0x0000002d17200000] [id=17656]
  0x0000017c7a3fd800 WatcherThread [stack: 0x0000002d17a00000,0x0000002d17b00000] [id=14248]
  0x0000017c6c134000 GCTaskThread "GC Thread#0" [stack: 0x0000002d16c00000,0x0000002d16d00000] [id=17460]
  0x0000017c7ac63800 GCTaskThread "GC Thread#1" [stack: 0x0000002d17c00000,0x0000002d17d00000] [id=8592]
  0x0000017c6c14e800 ConcurrentGCThread "G1 Main Marker" [stack: 0x0000002d16d00000,0x0000002d16e00000] [id=1084]
  0x0000017c6c150000 ConcurrentGCThread "G1 Conc#0" [stack: 0x0000002d16e00000,0x0000002d16f00000] [id=7576]
  0x0000017c6c1a5800 ConcurrentGCThread "G1 Refine#0" [stack: 0x0000002d16f00000,0x0000002d17000000] [id=6352]
  0x0000017c6c1a8800 ConcurrentGCThread "G1 Young RemSet Sampling" [stack: 0x0000002d17000000,0x0000002d17100000] [id=6944]

Threads with active compile tasks:
C2 CompilerThread0    54247 5214       4       org.apache.maven.model.inheritance.DefaultInheritanceAssembler$InheritanceModelMerger::mergePluginContainer_Plugins (433 bytes)
C1 CompilerThread0    54247 5223       3       org.apache.maven.model.io.xpp3.MavenXpp3Reader::parseReportPlugin (373 bytes)

VM state:not at safepoint (normal execution)

VM Mutex/Monitor currently owned by a thread: None

Heap address: 0x00000000c1400000, size: 1004 MB, Compressed Oops mode: 32-bit
Narrow klass base: 0x0000000000000000, Narrow klass shift: 3
Compressed class space size: 1073741824 Address: 0x0000000100000000

Heap:
 garbage-first heap   total 65536K, used 42166K [0x00000000c1400000, 0x0000000100000000)
  region size 1024K, 34 young (34816K), 4 survivors (4096K)
 Metaspace       used 34647K, capacity 35506K, committed 35760K, reserved 1081344K
  class space    used 3714K, capacity 4020K, committed 4096K, reserved 1048576K
Heap Regions: E=young(eden), S=young(survivor), O=old, HS=humongous(starts), HC=humongous(continues), CS=collection set, F=free, A=archive, TAMS=top-at-mark-start (previous, next)
|   0|0x00000000c1400000, 0x00000000c1500000, 0x00000000c1500000|100%| O|  |TAMS 0x00000000c1500000, 0x00000000c1400000| Untracked 
|   1|0x00000000c1500000, 0x00000000c1600000, 0x00000000c1600000|100%| O|  |TAMS 0x00000000c1600000, 0x00000000c1500000| Untracked 
|   2|0x00000000c1600000, 0x00000000c1700000, 0x00000000c1700000|100%| O|  |TAMS 0x00000000c1700000, 0x00000000c1600000| Untracked 
|   3|0x00000000c1700000, 0x00000000c1800000, 0x00000000c1800000|100%| O|  |TAMS 0x00000000c1700000, 0x00000000c1700000| Untracked 
|   4|0x00000000c1800000, 0x00000000c1900000, 0x00000000c1900000|100%| O|  |TAMS 0x00000000c1800000, 0x00000000c1800000| Untracked 
|   5|0x00000000c1900000, 0x00000000c1a00000, 0x00000000c1a00000|100%| O|  |TAMS 0x00000000c1900000, 0x00000000c1900000| Untracked 
|   6|0x00000000c1a00000, 0x00000000c1b00000, 0x00000000c1b00000|100%| O|  |TAMS 0x00000000c1a00000, 0x00000000c1a00000| Untracked 
|   7|0x00000000c1b00000, 0x00000000c1c00000, 0x00000000c1c00000|100%| O|  |TAMS 0x00000000c1b00000, 0x00000000c1b00000| Untracked 
|   8|0x00000000c1c00000, 0x00000000c1d00000, 0x00000000c1d00000|100%| O|  |TAMS 0x00000000c1c00000, 0x00000000c1c00000| Untracked 
|   9|0x00000000c1d00000, 0x00000000c1deec00, 0x00000000c1e00000| 93%| O|  |TAMS 0x00000000c1d00000, 0x00000000c1d00000| Untracked 
|  10|0x00000000c1e00000, 0x00000000c1e00000, 0x00000000c1f00000|  0%| F|  |TAMS 0x00000000c1e00000, 0x00000000c1e00000| Untracked 
|  11|0x00000000c1f00000, 0x00000000c1f00000, 0x00000000c2000000|  0%| F|  |TAMS 0x00000000c1f00000, 0x00000000c1f00000| Untracked 
|  12|0x00000000c2000000, 0x00000000c2000000, 0x00000000c2100000|  0%| F|  |TAMS 0x00000000c2000000, 0x00000000c2000000| Untracked 
|  13|0x00000000c2100000, 0x00000000c2100000, 0x00000000c2200000|  0%| F|  |TAMS 0x00000000c2100000, 0x00000000c2100000| Untracked 
|  14|0x00000000c2200000, 0x00000000c2200000, 0x00000000c2300000|  0%| F|  |TAMS 0x00000000c2200000, 0x00000000c2200000| Untracked 
|  15|0x00000000c2300000, 0x00000000c2300000, 0x00000000c2400000|  0%| F|  |TAMS 0x00000000c2300000, 0x00000000c2300000| Untracked 
|  16|0x00000000c2400000, 0x00000000c2400000, 0x00000000c2500000|  0%| F|  |TAMS 0x00000000c2400000, 0x00000000c2400000| Untracked 
|  17|0x00000000c2500000, 0x00000000c2500000, 0x00000000c2600000|  0%| F|  |TAMS 0x00000000c2500000, 0x00000000c2500000| Untracked 
|  18|0x00000000c2600000, 0x00000000c2600000, 0x00000000c2700000|  0%| F|  |TAMS 0x00000000c2600000, 0x00000000c2600000| Untracked 
|  19|0x00000000c2700000, 0x00000000c2700000, 0x00000000c2800000|  0%| F|  |TAMS 0x00000000c2700000, 0x00000000c2700000| Untracked 
|  20|0x00000000c2800000, 0x00000000c2800000, 0x00000000c2900000|  0%| F|  |TAMS 0x00000000c2800000, 0x00000000c2800000| Untracked 
|  21|0x00000000c2900000, 0x00000000c2900000, 0x00000000c2a00000|  0%| F|  |TAMS 0x00000000c2900000, 0x00000000c2900000| Untracked 
|  22|0x00000000c2a00000, 0x00000000c2a00000, 0x00000000c2b00000|  0%| F|  |TAMS 0x00000000c2a00000, 0x00000000c2a00000| Untracked 
|  23|0x00000000c2b00000, 0x00000000c2b00000, 0x00000000c2c00000|  0%| F|  |TAMS 0x00000000c2b00000, 0x00000000c2b00000| Untracked 
|  24|0x00000000c2c00000, 0x00000000c2c00000, 0x00000000c2d00000|  0%| F|  |TAMS 0x00000000c2c00000, 0x00000000c2c00000| Untracked 
|  25|0x00000000c2d00000, 0x00000000c2d00000, 0x00000000c2e00000|  0%| F|  |TAMS 0x00000000c2d00000, 0x00000000c2d00000| Untracked 
|  26|0x00000000c2e00000, 0x00000000c2e3ed00, 0x00000000c2f00000| 24%| S|CS|TAMS 0x00000000c2e00000, 0x00000000c2e00000| Complete 
|  27|0x00000000c2f00000, 0x00000000c3000000, 0x00000000c3000000|100%| S|CS|TAMS 0x00000000c2f00000, 0x00000000c2f00000| Complete 
|  28|0x00000000c3000000, 0x00000000c3100000, 0x00000000c3100000|100%| S|CS|TAMS 0x00000000c3000000, 0x00000000c3000000| Complete 
|  29|0x00000000c3100000, 0x00000000c3200000, 0x00000000c3200000|100%| S|CS|TAMS 0x00000000c3100000, 0x00000000c3100000| Complete 
|  30|0x00000000c3200000, 0x00000000c3200000, 0x00000000c3300000|  0%| F|  |TAMS 0x00000000c3200000, 0x00000000c3200000| Untracked 
|  31|0x00000000c3300000, 0x00000000c3300000, 0x00000000c3400000|  0%| F|  |TAMS 0x00000000c3300000, 0x00000000c3300000| Untracked 
|  32|0x00000000c3400000, 0x00000000c3400000, 0x00000000c3500000|  0%| F|  |TAMS 0x00000000c3400000, 0x00000000c3400000| Untracked 
|  33|0x00000000c3500000, 0x00000000c3500000, 0x00000000c3600000|  0%| F|  |TAMS 0x00000000c3500000, 0x00000000c3500000| Untracked 
|  34|0x00000000c3600000, 0x00000000c3680800, 0x00000000c3700000| 50%| E|  |TAMS 0x00000000c3600000, 0x00000000c3600000| Complete 
|  35|0x00000000c3700000, 0x00000000c3800000, 0x00000000c3800000|100%| E|CS|TAMS 0x00000000c3700000, 0x00000000c3700000| Complete 
|  36|0x00000000c3800000, 0x00000000c3900000, 0x00000000c3900000|100%| E|CS|TAMS 0x00000000c3800000, 0x00000000c3800000| Complete 
|  37|0x00000000c3900000, 0x00000000c3a00000, 0x00000000c3a00000|100%| E|CS|TAMS 0x00000000c3900000, 0x00000000c3900000| Complete 
|  38|0x00000000c3a00000, 0x00000000c3b00000, 0x00000000c3b00000|100%| E|CS|TAMS 0x00000000c3a00000, 0x00000000c3a00000| Complete 
|  39|0x00000000c3b00000, 0x00000000c3c00000, 0x00000000c3c00000|100%| E|CS|TAMS 0x00000000c3b00000, 0x00000000c3b00000| Complete 
|  40|0x00000000c3c00000, 0x00000000c3d00000, 0x00000000c3d00000|100%| E|CS|TAMS 0x00000000c3c00000, 0x00000000c3c00000| Complete 
|  41|0x00000000c3d00000, 0x00000000c3e00000, 0x00000000c3e00000|100%| E|CS|TAMS 0x00000000c3d00000, 0x00000000c3d00000| Complete 
|  42|0x00000000c3e00000, 0x00000000c3f00000, 0x00000000c3f00000|100%| E|CS|TAMS 0x00000000c3e00000, 0x00000000c3e00000| Complete 
|  43|0x00000000c3f00000, 0x00000000c4000000, 0x00000000c4000000|100%| E|CS|TAMS 0x00000000c3f00000, 0x00000000c3f00000| Complete 
|  44|0x00000000c4000000, 0x00000000c4100000, 0x00000000c4100000|100%| E|CS|TAMS 0x00000000c4000000, 0x00000000c4000000| Complete 
|  45|0x00000000c4100000, 0x00000000c4200000, 0x00000000c4200000|100%| E|CS|TAMS 0x00000000c4100000, 0x00000000c4100000| Complete 
|  46|0x00000000c4200000, 0x00000000c4300000, 0x00000000c4300000|100%| E|CS|TAMS 0x00000000c4200000, 0x00000000c4200000| Complete 
|  47|0x00000000c4300000, 0x00000000c4400000, 0x00000000c4400000|100%| E|CS|TAMS 0x00000000c4300000, 0x00000000c4300000| Complete 
|  48|0x00000000c4400000, 0x00000000c4500000, 0x00000000c4500000|100%| E|CS|TAMS 0x00000000c4400000, 0x00000000c4400000| Complete 
|  49|0x00000000c4500000, 0x00000000c4600000, 0x00000000c4600000|100%| E|CS|TAMS 0x00000000c4500000, 0x00000000c4500000| Complete 
|  50|0x00000000c4600000, 0x00000000c4700000, 0x00000000c4700000|100%| E|CS|TAMS 0x00000000c4600000, 0x00000000c4600000| Complete 
|  51|0x00000000c4700000, 0x00000000c4800000, 0x00000000c4800000|100%| E|CS|TAMS 0x00000000c4700000, 0x00000000c4700000| Complete 
|  52|0x00000000c4800000, 0x00000000c4900000, 0x00000000c4900000|100%| E|CS|TAMS 0x00000000c4800000, 0x00000000c4800000| Complete 
|  53|0x00000000c4900000, 0x00000000c4a00000, 0x00000000c4a00000|100%| E|CS|TAMS 0x00000000c4900000, 0x00000000c4900000| Complete 
|  54|0x00000000c4a00000, 0x00000000c4b00000, 0x00000000c4b00000|100%| E|CS|TAMS 0x00000000c4a00000, 0x00000000c4a00000| Complete 
|  55|0x00000000c4b00000, 0x00000000c4c00000, 0x00000000c4c00000|100%| E|CS|TAMS 0x00000000c4b00000, 0x00000000c4b00000| Complete 
|  56|0x00000000c4c00000, 0x00000000c4d00000, 0x00000000c4d00000|100%| E|CS|TAMS 0x00000000c4c00000, 0x00000000c4c00000| Complete 
|  57|0x00000000c4d00000, 0x00000000c4e00000, 0x00000000c4e00000|100%| E|CS|TAMS 0x00000000c4d00000, 0x00000000c4d00000| Complete 
|  58|0x00000000c4e00000, 0x00000000c4f00000, 0x00000000c4f00000|100%| E|CS|TAMS 0x00000000c4e00000, 0x00000000c4e00000| Complete 
|  59|0x00000000c4f00000, 0x00000000c5000000, 0x00000000c5000000|100%| E|  |TAMS 0x00000000c4f00000, 0x00000000c4f00000| Complete 
|  60|0x00000000c5000000, 0x00000000c5100000, 0x00000000c5100000|100%| E|CS|TAMS 0x00000000c5000000, 0x00000000c5000000| Complete 
|  61|0x00000000c5100000, 0x00000000c5200000, 0x00000000c5200000|100%| E|CS|TAMS 0x00000000c5100000, 0x00000000c5100000| Complete 
|  62|0x00000000c5200000, 0x00000000c5300000, 0x00000000c5300000|100%| E|CS|TAMS 0x00000000c5200000, 0x00000000c5200000| Complete 
|  63|0x00000000c5300000, 0x00000000c5400000, 0x00000000c5400000|100%| E|CS|TAMS 0x00000000c5300000, 0x00000000c5300000| Complete 

Card table byte_map: [0x0000017c750c0000,0x0000017c752c0000] _byte_map_base: 0x0000017c74ab6000

Marking Bits (Prev, Next): (CMBitMap*) 0x0000017c6c149ae0, (CMBitMap*) 0x0000017c6c149aa8
 Prev Bits: [0x0000017c76470000, 0x0000017c77420000)
 Next Bits: [0x0000017c754c0000, 0x0000017c76470000)

Polling page: 0x0000017c6a8c0000

Metaspace:

Usage:
  Non-class:     30.75 MB capacity,    30.21 MB ( 98%) used,   486.16 KB (  2%) free+waste,    67.38 KB ( <1%) overhead. 
      Class:      3.93 MB capacity,     3.63 MB ( 92%) used,   275.65 KB (  7%) free+waste,    29.38 KB ( <1%) overhead. 
       Both:     34.67 MB capacity,    33.84 MB ( 98%) used,   761.81 KB (  2%) free+waste,    96.75 KB ( <1%) overhead. 

Virtual space:
  Non-class space:       32.00 MB reserved,      30.92 MB ( 97%) committed 
      Class space:        1.00 GB reserved,       4.00 MB ( <1%) committed 
             Both:        1.03 GB reserved,      34.92 MB (  3%) committed 

Chunk freelists:
   Non-Class:  50.00 KB
       Class:  12.00 KB
        Both:  62.00 KB

MaxMetaspaceSize: 17179869184.00 GB
CompressedClassSpaceSize: 1.00 GB
Initial GC threshold: 20.80 MB
Current GC threshold: 35.08 MB
CDS: off

CodeHeap 'non-profiled nmethods': size=120064Kb used=2615Kb max_used=2615Kb free=117448Kb
 bounds [0x0000017c07ac0000, 0x0000017c07d50000, 0x0000017c0f000000]
CodeHeap 'profiled nmethods': size=120000Kb used=11542Kb max_used=11542Kb free=108457Kb
 bounds [0x0000017c00590000, 0x0000017c010e0000, 0x0000017c07ac0000]
CodeHeap 'non-nmethods': size=5696Kb used=1204Kb max_used=1234Kb free=4491Kb
 bounds [0x0000017c00000000, 0x0000017c00270000, 0x0000017c00590000]
 total_blobs=5668 nmethods=5192 adapters=388
 compilation: enabled
              stopped_count=0, restarted_count=0
 full_count=0

Compilation events (20 events):
Event: 53.113 Thread 0x0000017c7a232800 nmethod 5211 0x0000017c010cd990 code [0x0000017c010cdb60, 0x0000017c010cdf98]
Event: 53.114 Thread 0x0000017c7a232800 5212       3       org.eclipse.aether.graph.Exclusion::hashCode (57 bytes)
Event: 53.114 Thread 0x0000017c7a232800 nmethod 5212 0x0000017c010ce090 code [0x0000017c010ce280, 0x0000017c010ce4b8]
Event: 53.132 Thread 0x0000017c7a22d800 nmethod 5208 0x0000017c07d4bb90 code [0x0000017c07d4be00, 0x0000017c07d4d1f8]
Event: 53.584 Thread 0x0000017c7a232800 5213       3       org.apache.maven.model.profile.activation.PropertyProfileActivator::isActive (270 bytes)
Event: 53.585 Thread 0x0000017c7a22d800 5214       4       org.apache.maven.model.inheritance.DefaultInheritanceAssembler$InheritanceModelMerger::mergePluginContainer_Plugins (433 bytes)
Event: 53.589 Thread 0x0000017c7a232800 nmethod 5213 0x0000017c010ce610 code [0x0000017c010cea00, 0x0000017c010d0328]
Event: 53.598 Thread 0x0000017c7a232800 5217       3       java.nio.charset.CharsetDecoder::reset (11 bytes)
Event: 53.598 Thread 0x0000017c7a232800 nmethod 5217 0x0000017c010d0d10 code [0x0000017c010d0ec0, 0x0000017c010d1098]
Event: 53.598 Thread 0x0000017c7a232800 5218       3       java.nio.charset.CharsetDecoder::implReset (1 bytes)
Event: 53.598 Thread 0x0000017c7a232800 nmethod 5218 0x0000017c010d1190 code [0x0000017c010d1340, 0x0000017c010d1438]
Event: 53.601 Thread 0x0000017c7a232800 5219       3       org.codehaus.plexus.util.StringUtils::isBlank (43 bytes)
Event: 53.602 Thread 0x0000017c7a232800 nmethod 5219 0x0000017c010d1510 code [0x0000017c010d1780, 0x0000017c010d2198]
Event: 53.744 Thread 0x0000017c7a232800 5220       3       sun.nio.fs.WindowsFileSystemProvider::getFileAttributeView (118 bytes)
Event: 53.746 Thread 0x0000017c7a232800 nmethod 5220 0x0000017c010d2610 code [0x0000017c010d2900, 0x0000017c010d3a48]
Event: 53.758 Thread 0x0000017c7a232800 5221       3       org.codehaus.plexus.util.xml.pull.MXParser::setInput (75 bytes)
Event: 53.761 Thread 0x0000017c7a232800 nmethod 5221 0x0000017c010d3f90 code [0x0000017c010d4240, 0x0000017c010d5108]
Event: 53.761 Thread 0x0000017c7a232800 5222       3       org.codehaus.plexus.util.xml.pull.MXParser::reset (169 bytes)
Event: 53.761 Thread 0x0000017c7a232800 nmethod 5222 0x0000017c010d5490 code [0x0000017c010d5660, 0x0000017c010d59e8]
Event: 53.766 Thread 0x0000017c7a232800 5223       3       org.apache.maven.model.io.xpp3.MavenXpp3Reader::parseReportPlugin (373 bytes)

GC Heap History (14 events):
Event: 17.986 GC heap before
{Heap before GC invocations=0 (full 0):
 garbage-first heap   total 65536K, used 13312K [0x00000000c1400000, 0x0000000100000000)
  region size 1024K, 14 young (14336K), 0 survivors (0K)
 Metaspace       used 11165K, capacity 11365K, committed 11392K, reserved 1058816K
  class space    used 1036K, capacity 1130K, committed 1152K, reserved 1048576K
}
Event: 18.017 GC heap after
{Heap after GC invocations=1 (full 0):
 garbage-first heap   total 65536K, used 3017K [0x00000000c1400000, 0x0000000100000000)
  region size 1024K, 2 young (2048K), 2 survivors (2048K)
 Metaspace       used 11165K, capacity 11365K, committed 11392K, reserved 1058816K
  class space    used 1036K, capacity 1130K, committed 1152K, reserved 1048576K
}
Event: 19.059 GC heap before
{Heap before GC invocations=1 (full 0):
 garbage-first heap   total 65536K, used 14281K [0x00000000c1400000, 0x0000000100000000)
  region size 1024K, 13 young (13312K), 2 survivors (2048K)
 Metaspace       used 13107K, capacity 13295K, committed 13568K, reserved 1060864K
  class space    used 1320K, capacity 1412K, committed 1536K, reserved 1048576K
}
Event: 19.068 GC heap after
{Heap after GC invocations=2 (full 0):
 garbage-first heap   total 65536K, used 3747K [0x00000000c1400000, 0x0000000100000000)
  region size 1024K, 1 young (1024K), 1 survivors (1024K)
 Metaspace       used 13107K, capacity 13295K, committed 13568K, reserved 1060864K
  class space    used 1320K, capacity 1412K, committed 1536K, reserved 1048576K
}
Event: 22.538 GC heap before
{Heap before GC invocations=2 (full 0):
 garbage-first heap   total 65536K, used 30371K [0x00000000c1400000, 0x0000000100000000)
  region size 1024K, 27 young (27648K), 1 survivors (1024K)
 Metaspace       used 16217K, capacity 16395K, committed 16640K, reserved 1064960K
  class space    used 1690K, capacity 1782K, committed 1792K, reserved 1048576K
}
Event: 22.545 GC heap after
{Heap after GC invocations=3 (full 0):
 garbage-first heap   total 65536K, used 4750K [0x00000000c1400000, 0x0000000100000000)
  region size 1024K, 2 young (2048K), 2 survivors (2048K)
 Metaspace       used 16217K, capacity 16395K, committed 16640K, reserved 1064960K
  class space    used 1690K, capacity 1782K, committed 1792K, reserved 1048576K
}
Event: 26.488 GC heap before
{Heap before GC invocations=3 (full 0):
 garbage-first heap   total 65536K, used 29326K [0x00000000c1400000, 0x0000000100000000)
  region size 1024K, 27 young (27648K), 2 survivors (2048K)
 Metaspace       used 20871K, capacity 21210K, committed 21296K, reserved 1069056K
  class space    used 2286K, capacity 2423K, committed 2432K, reserved 1048576K
}
Event: 26.504 GC heap after
{Heap after GC invocations=4 (full 0):
 garbage-first heap   total 65536K, used 6558K [0x00000000c1400000, 0x0000000100000000)
  region size 1024K, 4 young (4096K), 4 survivors (4096K)
 Metaspace       used 20871K, capacity 21210K, committed 21296K, reserved 1069056K
  class space    used 2286K, capacity 2423K, committed 2432K, reserved 1048576K
}
Event: 30.389 GC heap before
{Heap before GC invocations=5 (full 0):
 garbage-first heap   total 65536K, used 38302K [0x00000000c1400000, 0x0000000100000000)
  region size 1024K, 35 young (35840K), 4 survivors (4096K)
 Metaspace       used 23641K, capacity 24204K, committed 24496K, reserved 1071104K
  class space    used 2542K, capacity 2693K, committed 2816K, reserved 1048576K
}
Event: 30.419 GC heap after
{Heap after GC invocations=6 (full 0):
 garbage-first heap   total 65536K, used 10122K [0x00000000c1400000, 0x0000000100000000)
  region size 1024K, 5 young (5120K), 5 survivors (5120K)
 Metaspace       used 23641K, capacity 24204K, committed 24496K, reserved 1071104K
  class space    used 2542K, capacity 2693K, committed 2816K, reserved 1048576K
}
Event: 34.019 GC heap before
{Heap before GC invocations=6 (full 0):
 garbage-first heap   total 65536K, used 42890K [0x00000000c1400000, 0x0000000100000000)
  region size 1024K, 37 young (37888K), 5 survivors (5120K)
 Metaspace       used 24702K, capacity 25284K, committed 25648K, reserved 1073152K
  class space    used 2635K, capacity 2822K, committed 2944K, reserved 1048576K
}
Event: 34.045 GC heap after
{Heap after GC invocations=7 (full 0):
 garbage-first heap   total 65536K, used 12219K [0x00000000c1400000, 0x0000000100000000)
  region size 1024K, 2 young (2048K), 2 survivors (2048K)
 Metaspace       used 24702K, capacity 25284K, committed 25648K, reserved 1073152K
  class space    used 2635K, capacity 2822K, committed 2944K, reserved 1048576K
}
Event: 43.320 GC heap before
{Heap before GC invocations=7 (full 0):
 garbage-first heap   total 65536K, used 44987K [0x00000000c1400000, 0x0000000100000000)
  region size 1024K, 34 young (34816K), 2 survivors (2048K)
 Metaspace       used 26792K, capacity 27467K, committed 27568K, reserved 1073152K
  class space    used 2803K, capacity 3044K, committed 3072K, reserved 1048576K
}
Event: 43.355 GC heap after
{Heap after GC invocations=8 (full 0):
 garbage-first heap   total 65536K, used 13494K [0x00000000c1400000, 0x0000000100000000)
  region size 1024K, 4 young (4096K), 4 survivors (4096K)
 Metaspace       used 26792K, capacity 27467K, committed 27568K, reserved 1073152K
  class space    used 2803K, capacity 3044K, committed 3072K, reserved 1048576K
}

Deoptimization events (20 events):
Event: 52.361 Thread 0x0000017c6c11c800 Uncommon trap: trap_request=0xffffff4d fr.pc=0x0000017c07d3fbe8 relative=0x00000000000018e8
Event: 52.361 Thread 0x0000017c6c11c800 Uncommon trap: reason=unstable_if action=reinterpret pc=0x0000017c07d3fbe8 method=org.apache.maven.model.merge.ModelMerger.merge(Ljava/util/List;Ljava/util/List;Lorg/apache/maven/model/merge/ModelMerger$KeyComputer;Lorg/apache/maven/model/merge/ModelMerge
Event: 52.361 Thread 0x0000017c6c11c800 DEOPT PACKING pc=0x0000017c07d3fbe8 sp=0x0000002d16bfc6b0
Event: 52.361 Thread 0x0000017c6c11c800 DEOPT UNPACKING pc=0x0000017c0004a1af sp=0x0000002d16bfc538 mode 2
Event: 52.580 Thread 0x0000017c6c11c800 Uncommon trap: trap_request=0xffffffbe fr.pc=0x0000017c07d47198 relative=0x0000000000001198
Event: 52.580 Thread 0x0000017c6c11c800 Uncommon trap: reason=profile_predicate action=maybe_recompile pc=0x0000017c07d47198 method=java.util.concurrent.ConcurrentHashMap.putAll(Ljava/util/Map;)V @ 28 c2
Event: 52.580 Thread 0x0000017c6c11c800 DEOPT PACKING pc=0x0000017c07d47198 sp=0x0000002d16bfc770
Event: 52.580 Thread 0x0000017c6c11c800 DEOPT UNPACKING pc=0x0000017c0004a1af sp=0x0000002d16bfc750 mode 2
Event: 52.580 Thread 0x0000017c6c11c800 Uncommon trap: trap_request=0xffffffbe fr.pc=0x0000017c07d47198 relative=0x0000000000001198
Event: 52.580 Thread 0x0000017c6c11c800 Uncommon trap: reason=profile_predicate action=maybe_recompile pc=0x0000017c07d47198 method=java.util.concurrent.ConcurrentHashMap.putAll(Ljava/util/Map;)V @ 28 c2
Event: 52.580 Thread 0x0000017c6c11c800 DEOPT PACKING pc=0x0000017c07d47198 sp=0x0000002d16bfc330
Event: 52.580 Thread 0x0000017c6c11c800 DEOPT UNPACKING pc=0x0000017c0004a1af sp=0x0000002d16bfc310 mode 2
Event: 52.613 Thread 0x0000017c6c11c800 Uncommon trap: trap_request=0xffffffbe fr.pc=0x0000017c07d47198 relative=0x0000000000001198
Event: 52.613 Thread 0x0000017c6c11c800 Uncommon trap: reason=profile_predicate action=maybe_recompile pc=0x0000017c07d47198 method=java.util.concurrent.ConcurrentHashMap.putAll(Ljava/util/Map;)V @ 28 c2
Event: 52.613 Thread 0x0000017c6c11c800 DEOPT PACKING pc=0x0000017c07d47198 sp=0x0000002d16bfc240
Event: 52.614 Thread 0x0000017c6c11c800 DEOPT UNPACKING pc=0x0000017c0004a1af sp=0x0000002d16bfc220 mode 2
Event: 52.614 Thread 0x0000017c6c11c800 Uncommon trap: trap_request=0xffffffbe fr.pc=0x0000017c07d47198 relative=0x0000000000001198
Event: 52.614 Thread 0x0000017c6c11c800 Uncommon trap: reason=profile_predicate action=maybe_recompile pc=0x0000017c07d47198 method=java.util.concurrent.ConcurrentHashMap.putAll(Ljava/util/Map;)V @ 28 c2
Event: 52.614 Thread 0x0000017c6c11c800 DEOPT PACKING pc=0x0000017c07d47198 sp=0x0000002d16bfc770
Event: 52.614 Thread 0x0000017c6c11c800 DEOPT UNPACKING pc=0x0000017c0004a1af sp=0x0000002d16bfc750 mode 2

Classes redefined (0 events):
No events

Internal exceptions (20 events):
Event: 50.102 Thread 0x0000017c6c11c800 Exception <a 'sun/nio/fs/WindowsException'{0x00000000c42840b0}> (0x00000000c42840b0) thrown at [./src/hotspot/share/prims/jni.cpp, line 617]
Event: 50.104 Thread 0x0000017c6c11c800 Exception <a 'sun/nio/fs/WindowsException'{0x00000000c42843a8}> (0x00000000c42843a8) thrown at [./src/hotspot/share/prims/jni.cpp, line 617]
Event: 50.176 Thread 0x0000017c6c11c800 Exception <a 'sun/nio/fs/WindowsException'{0x00000000c42afca0}> (0x00000000c42afca0) thrown at [./src/hotspot/share/prims/jni.cpp, line 617]
Event: 50.176 Thread 0x0000017c6c11c800 Exception <a 'sun/nio/fs/WindowsException'{0x00000000c42b0028}> (0x00000000c42b0028) thrown at [./src/hotspot/share/prims/jni.cpp, line 617]
Event: 50.176 Thread 0x0000017c6c11c800 Exception <a 'sun/nio/fs/WindowsException'{0x00000000c42b1308}> (0x00000000c42b1308) thrown at [./src/hotspot/share/prims/jni.cpp, line 617]
Event: 50.179 Thread 0x0000017c6c11c800 Exception <a 'sun/nio/fs/WindowsException'{0x00000000c42b1718}> (0x00000000c42b1718) thrown at [./src/hotspot/share/prims/jni.cpp, line 617]
Event: 50.576 Thread 0x0000017c6c11c800 Exception <a 'sun/nio/fs/WindowsException'{0x00000000c3f71bd8}> (0x00000000c3f71bd8) thrown at [./src/hotspot/share/prims/jni.cpp, line 617]
Event: 50.577 Thread 0x0000017c6c11c800 Exception <a 'sun/nio/fs/WindowsException'{0x00000000c3f71f38}> (0x00000000c3f71f38) thrown at [./src/hotspot/share/prims/jni.cpp, line 617]
Event: 50.578 Thread 0x0000017c6c11c800 Exception <a 'sun/nio/fs/WindowsException'{0x00000000c3f7a308}> (0x00000000c3f7a308) thrown at [./src/hotspot/share/prims/jni.cpp, line 617]
Event: 50.578 Thread 0x0000017c6c11c800 Exception <a 'sun/nio/fs/WindowsException'{0x00000000c3f7a5d0}> (0x00000000c3f7a5d0) thrown at [./src/hotspot/share/prims/jni.cpp, line 617]
Event: 50.580 Thread 0x0000017c6c11c800 Exception <a 'sun/nio/fs/WindowsException'{0x00000000c3f8a360}> (0x00000000c3f8a360) thrown at [./src/hotspot/share/prims/jni.cpp, line 617]
Event: 50.580 Thread 0x0000017c6c11c800 Exception <a 'sun/nio/fs/WindowsException'{0x00000000c3f8a6b8}> (0x00000000c3f8a6b8) thrown at [./src/hotspot/share/prims/jni.cpp, line 617]
Event: 50.580 Thread 0x0000017c6c11c800 Exception <a 'sun/nio/fs/WindowsException'{0x00000000c3f8bc08}> (0x00000000c3f8bc08) thrown at [./src/hotspot/share/prims/jni.cpp, line 617]
Event: 50.581 Thread 0x0000017c6c11c800 Exception <a 'sun/nio/fs/WindowsException'{0x00000000c3f8bfe8}> (0x00000000c3f8bfe8) thrown at [./src/hotspot/share/prims/jni.cpp, line 617]
Event: 50.765 Thread 0x0000017c6c11c800 Exception <a 'sun/nio/fs/WindowsException'{0x00000000c3fb3af0}> (0x00000000c3fb3af0) thrown at [./src/hotspot/share/prims/jni.cpp, line 617]
Event: 50.765 Thread 0x0000017c6c11c800 Exception <a 'sun/nio/fs/WindowsException'{0x00000000c3fb4228}> (0x00000000c3fb4228) thrown at [./src/hotspot/share/prims/jni.cpp, line 617]
Event: 50.765 Thread 0x0000017c6c11c800 Exception <a 'sun/nio/fs/WindowsException'{0x00000000c3fb4928}> (0x00000000c3fb4928) thrown at [./src/hotspot/share/prims/jni.cpp, line 617]
Event: 50.765 Thread 0x0000017c6c11c800 Exception <a 'sun/nio/fs/WindowsException'{0x00000000c3fb5038}> (0x00000000c3fb5038) thrown at [./src/hotspot/share/prims/jni.cpp, line 617]
Event: 50.765 Thread 0x0000017c6c11c800 Exception <a 'sun/nio/fs/WindowsException'{0x00000000c3fb5300}> (0x00000000c3fb5300) thrown at [./src/hotspot/share/prims/jni.cpp, line 617]
Event: 50.766 Thread 0x0000017c6c11c800 Exception <a 'sun/nio/fs/WindowsException'{0x00000000c3fb5f80}> (0x00000000c3fb5f80) thrown at [./src/hotspot/share/prims/jni.cpp, line 617]

Events (20 events):
Event: 51.037 loading class java/util/WeakHashMap$HashIterator
Event: 51.041 loading class java/util/WeakHashMap$HashIterator done
Event: 51.041 loading class java/util/WeakHashMap$KeyIterator done
Event: 51.044 loading class com/sun/tools/javac/util/ListBuffer
Event: 51.044 loading class com/sun/tools/javac/util/ListBuffer done
Event: 51.044 loading class com/sun/tools/javac/util/ListBuffer
Event: 51.044 loading class com/sun/tools/javac/util/ListBuffer done
Event: 51.053 loading class jdk/nio/zipfs/ZipFileSystem
Event: 51.053 loading class jdk/nio/zipfs/ZipFileSystem done
Event: 51.303 loading class org/apache/maven/shared/utils/io/DirectoryScanResult
Event: 51.303 loading class org/apache/maven/shared/utils/io/DirectoryScanResult done
Event: 51.353 loading class org/apache/maven/shared/utils/io/DirectoryScanResult
Event: 51.353 loading class org/apache/maven/shared/utils/io/DirectoryScanResult done
Event: 51.362 Loaded shared library C:\Program Files\Amazon Corretto\jdk11.0.18_10\bin\nio.dll
Event: 51.472 loading class org/apache/maven/plugins/resources/Delimiter
Event: 51.472 loading class org/apache/maven/plugins/resources/Delimiter done
Event: 51.472 loading class org/apache/maven/plugins/resources/Delimiter
Event: 51.472 loading class org/apache/maven/plugins/resources/Delimiter done
Event: 51.473 loading class org/apache/maven/plugins/resources/Delimiter
Event: 51.473 loading class org/apache/maven/plugins/resources/Delimiter done


Dynamic libraries:
0x00007ff69c950000 - 0x00007ff69c95d000 	C:\Program Files\Amazon Corretto\jdk11.0.18_10\bin\java.exe
0x00007ffdc56d0000 - 0x00007ffdc58c8000 	C:\Windows\SYSTEM32\ntdll.dll
0x00007ffdc4b30000 - 0x00007ffdc4bef000 	C:\Windows\System32\KERNEL32.DLL
0x00007ffdc2ea0000 - 0x00007ffdc3172000 	C:\Windows\System32\KERNELBASE.dll
0x00007ffdc3410000 - 0x00007ffdc3510000 	C:\Windows\System32\ucrtbase.dll
0x00007ffdba480000 - 0x00007ffdba497000 	C:\Program Files\Amazon Corretto\jdk11.0.18_10\bin\jli.dll
0x00007ffdc3900000 - 0x00007ffdc3aa1000 	C:\Windows\System32\USER32.dll
0x00007ffdc3230000 - 0x00007ffdc3252000 	C:\Windows\System32\win32u.dll
0x00007ffdc3d90000 - 0x00007ffdc3dbb000 	C:\Windows\System32\GDI32.dll
0x00007ffdc35a0000 - 0x00007ffdc36af000 	C:\Windows\System32\gdi32full.dll
0x00007ffdc2e00000 - 0x00007ffdc2e9d000 	C:\Windows\System32\msvcp_win.dll
0x00007ffda9bb0000 - 0x00007ffda9bc9000 	C:\Program Files\Amazon Corretto\jdk11.0.18_10\bin\VCRUNTIME140.dll
0x00007ffdad1e0000 - 0x00007ffdad47a000 	C:\Windows\WinSxS\amd64_microsoft.windows.common-controls_6595b64144ccf1df_6.0.19041.1110_none_60b5254171f9507e\COMCTL32.dll
0x00007ffdc41f0000 - 0x00007ffdc428e000 	C:\Windows\System32\msvcrt.dll
0x00007ffdc4e60000 - 0x00007ffdc4e90000 	C:\Windows\System32\IMM32.DLL
0x00007ffd88ce0000 - 0x00007ffd88d7b000 	C:\Program Files\Amazon Corretto\jdk11.0.18_10\bin\msvcp140.dll
0x00007ffd401f0000 - 0x00007ffd40d7a000 	C:\Program Files\Amazon Corretto\jdk11.0.18_10\bin\server\jvm.dll
0x00007ffdc4a80000 - 0x00007ffdc4b2e000 	C:\Windows\System32\ADVAPI32.dll
0x00007ffdc4bf0000 - 0x00007ffdc4c8c000 	C:\Windows\System32\sechost.dll
0x00007ffdc3c60000 - 0x00007ffdc3d84000 	C:\Windows\System32\RPCRT4.dll
0x00007ffdc3780000 - 0x00007ffdc3788000 	C:\Windows\System32\PSAPI.DLL
0x00007ffda9b60000 - 0x00007ffda9b69000 	C:\Windows\SYSTEM32\WSOCK32.dll
0x00007ffdc4180000 - 0x00007ffdc41eb000 	C:\Windows\System32\WS2_32.dll
0x00007ffdaa5c0000 - 0x00007ffdaa5e7000 	C:\Windows\SYSTEM32\WINMM.dll
0x00007ffdbaab0000 - 0x00007ffdbaaba000 	C:\Windows\SYSTEM32\VERSION.dll
0x00007ffdc15e0000 - 0x00007ffdc15f2000 	C:\Windows\SYSTEM32\kernel.appcore.dll
0x00007ffdba7a0000 - 0x00007ffdba7b0000 	C:\Program Files\Amazon Corretto\jdk11.0.18_10\bin\verify.dll
0x00007ffdc0b50000 - 0x00007ffdc0d34000 	C:\Windows\SYSTEM32\DBGHELP.DLL
0x00007ffda4b40000 - 0x00007ffda4b75000 	C:\Windows\SYSTEM32\dbgcore.DLL
0x00007ffdc3510000 - 0x00007ffdc3592000 	C:\Windows\System32\bcryptPrimitives.dll
0x00007ffda7e70000 - 0x00007ffda7e98000 	C:\Program Files\Amazon Corretto\jdk11.0.18_10\bin\java.dll
0x00007ffdba470000 - 0x00007ffdba47a000 	C:\Program Files\Amazon Corretto\jdk11.0.18_10\bin\jimage.dll
0x00007ffda7e50000 - 0x00007ffda7e68000 	C:\Program Files\Amazon Corretto\jdk11.0.18_10\bin\zip.dll
0x00007ffdc4320000 - 0x00007ffdc4a65000 	C:\Windows\System32\SHELL32.dll
0x00007ffdc0d40000 - 0x00007ffdc14d2000 	C:\Windows\SYSTEM32\windows.storage.dll
0x00007ffdc3dc0000 - 0x00007ffdc4115000 	C:\Windows\System32\combase.dll
0x00007ffdc2670000 - 0x00007ffdc26a0000 	C:\Windows\SYSTEM32\Wldp.dll
0x00007ffdc4db0000 - 0x00007ffdc4e5d000 	C:\Windows\System32\SHCORE.dll
0x00007ffdc3720000 - 0x00007ffdc3775000 	C:\Windows\System32\shlwapi.dll
0x00007ffdc2d10000 - 0x00007ffdc2d2f000 	C:\Windows\SYSTEM32\profapi.dll
0x00007ffdba450000 - 0x00007ffdba469000 	C:\Program Files\Amazon Corretto\jdk11.0.18_10\bin\net.dll
0x00007ffdb8360000 - 0x00007ffdb846a000 	C:\Windows\SYSTEM32\WINHTTP.dll
0x00007ffdc2450000 - 0x00007ffdc24ba000 	C:\Windows\system32\mswsock.dll
0x00007ffdba430000 - 0x00007ffdba443000 	C:\Program Files\Amazon Corretto\jdk11.0.18_10\bin\nio.dll
0x0000000069ac0000 - 0x0000000069ae4000 	C:\Users\nat\apache-maven-3.9.0-bin\apache-maven-3.9.0\lib\jansi-native\Windows\x86_64\jansi.dll

dbghelp: loaded successfully - version: 4.0.5 - missing functions: none
symbol engine: initialized successfully - sym options: 0x614 - pdb path: .;C:\Program Files\Amazon Corretto\jdk11.0.18_10\bin;C:\Windows\SYSTEM32;C:\Windows\WinSxS\amd64_microsoft.windows.common-controls_6595b64144ccf1df_6.0.19041.1110_none_60b5254171f9507e;C:\Program Files\Amazon Corretto\jdk11.0.18_10\bin\server;C:\Users\nat\apache-maven-3.9.0-bin\apache-maven-3.9.0\lib\jansi-native\Windows\x86_64

VM Arguments:
jvm_args: -Dclassworlds.conf=C:\Users\nat\apache-maven-3.9.0-bin\apache-maven-3.9.0\bin\m2.conf -Dmaven.home=C:\Users\nat\apache-maven-3.9.0-bin\apache-maven-3.9.0 -Dlibrary.jansi.path=C:\Users\nat\apache-maven-3.9.0-bin\apache-maven-3.9.0\lib\jansi-native -Dmaven.multiModuleProjectDirectory=C:\Users\nat\dev\java-explore-with-me 
java_command: org.codehaus.plexus.classworlds.launcher.Launcher clean install
java_class_path (initial): C:\Users\nat\apache-maven-3.9.0-bin\apache-maven-3.9.0\boot\plexus-classworlds-2.6.0.jar
Launcher Type: SUN_STANDARD

[Global flags]
     intx CICompilerCount                          = 3                                         {product} {ergonomic}
     uint ConcGCThreads                            = 1                                         {product} {ergonomic}
     uint G1ConcRefinementThreads                  = 4                                         {product} {ergonomic}
   size_t G1HeapRegionSize                         = 1048576                                   {product} {ergonomic}
    uintx GCDrainStackTargetSize                   = 64                                        {product} {ergonomic}
   size_t InitialHeapSize                          = 67108864                                  {product} {ergonomic}
   size_t MarkStackSize                            = 4194304                                   {product} {ergonomic}
   size_t MaxHeapSize                              = 1052770304                                {product} {ergonomic}
   size_t MaxNewSize                               = 631242752                                 {product} {ergonomic}
   size_t MinHeapDeltaBytes                        = 1048576                                   {product} {ergonomic}
    uintx NonNMethodCodeHeapSize                   = 5830732                                {pd product} {ergonomic}
    uintx NonProfiledCodeHeapSize                  = 122913754                              {pd product} {ergonomic}
    uintx ProfiledCodeHeapSize                     = 122913754                              {pd product} {ergonomic}
    uintx ReservedCodeCacheSize                    = 251658240                              {pd product} {ergonomic}
     bool SegmentedCodeCache                       = true                                      {product} {ergonomic}
     bool UseCompressedClassPointers               = true                                 {lp64_product} {ergonomic}
     bool UseCompressedOops                        = true                                 {lp64_product} {ergonomic}
     bool UseG1GC                                  = true                                      {product} {ergonomic}
     bool UseLargePagesIndividualAllocation        = false                                  {pd product} {ergonomic}

Logging:
Log output configuration:
 #0: stdout all=warning uptime,level,tags
 #1: stderr all=off uptime,level,tags

Environment Variables:
JAVA_HOME=C:\Program Files\Amazon Corretto\jdk11.0.18_10
PATH=C:\Program Files\Amazon Corretto\jdk11.0.18_10\bin;C:\Windows\system32;C:\Windows;C:\Windows\System32\Wbem;C:\Windows\System32\WindowsPowerShell\v1.0\;C:\Windows\System32\OpenSSH\;C:\Program Files\Docker\Docker\resources\bin;C:\Program Files\Git\cmd;C:\Users\nat\AppData\Local\Programs\Python\Python311\Scripts\;C:\Users\nat\AppData\Local\Programs\Python\Python311\;C:\Users\nat\AppData\Local\Microsoft\WindowsApps;C:\Users\nat\AppData\Local\Programs\Microsoft VS Code\bin;C:\Program Files\Amazon Corretto\jdk11.0.18_10\bin;C:\Users\nat\apache-maven-3.9.0-bin\apache-maven-3.9.0\bin;
USERNAME=nat
OS=Windows_NT
PROCESSOR_IDENTIFIER=Intel64 Family 6 Model 142 Stepping 10, GenuineIntel
TMP=C:\Users\nat\AppData\Local\Temp
TEMP=C:\Users\nat\AppData\Local\Temp



---------------  S Y S T E M  ---------------

OS: Windows 10 , 64 bit Build 19041 (10.0.19041.2546)
OS uptime: 0 days 16:09 hours
Hyper-V role detected

CPU:total 4 (initial active 4) (2 cores per cpu, 2 threads per core) family 6 model 142 stepping 10 microcode 0xb4, cmov, cx8, fxsr, mmx, sse, sse2, sse3, ssse3, sse4.1, sse4.2, popcnt, avx, avx2, aes, clmul, erms, 3dnowpref, lzcnt, ht, tsc, tscinvbit, bmi1, bmi2, adx, fma

Memory: 4k page, system-wide physical 4011M (197M free)
TotalPageFile size 16299M (AvailPageFile size 8M)
current process WorkingSet (physical memory assigned to process): 118M, peak: 125M
current process commit charge ("private bytes"): 197M, peak: 206M

vm_info: OpenJDK 64-Bit Server VM (11.0.18+10-LTS) for windows-amd64 JRE (11.0.18+10-LTS), built on Jan 10 2023 20:17:52 by "Administrator" with MS VC++ 15.9 (VS2017)

END.
